[2023-03-15 20:44:30.324] [info] Loaded model new_model_noMTP_scaled_FK-scaled from file C:\Users\ney\Desktop\SchoolWork\fyp\predsim_tutorial\OpenSimModel\new_model_scaled_FK_w15\Model\new_model_scaled_FK_w15.osim
[2023-03-15 20:44:30.327] [warning] Couldn't find file 'sacrum.vtp'.
[2023-03-15 20:44:30.327] [warning] Couldn't find file 'pelvis.vtp'.
[2023-03-15 20:44:30.328] [warning] Couldn't find file 'l_pelvis.vtp'.
[2023-03-15 20:44:30.328] [warning] Couldn't find file 'femur_r.vtp'.
[2023-03-15 20:44:30.329] [warning] Couldn't find file 'tibia_r.vtp'.
[2023-03-15 20:44:30.329] [warning] Couldn't find file 'fibula_r.vtp'.
[2023-03-15 20:44:30.329] [warning] Couldn't find file 'talus_rv.vtp'.
[2023-03-15 20:44:30.330] [warning] Couldn't find file 'foot.vtp'.
[2023-03-15 20:44:30.330] [warning] Couldn't find file 'bofoot.vtp'.
[2023-03-15 20:44:30.331] [warning] Couldn't find file 'femur_l.vtp'.
[2023-03-15 20:44:30.331] [warning] Couldn't find file 'tibia_l.vtp'.
[2023-03-15 20:44:30.331] [warning] Couldn't find file 'fibula_l.vtp'.
[2023-03-15 20:44:30.331] [warning] Couldn't find file 'talus_lv.vtp'.
[2023-03-15 20:44:30.332] [warning] Couldn't find file 'l_foot.vtp'.
[2023-03-15 20:44:30.332] [warning] Couldn't find file 'l_bofoot.vtp'.
[2023-03-15 20:44:30.332] [warning] Couldn't find file 'hat_spine.vtp'.
[2023-03-15 20:44:30.332] [warning] Couldn't find file 'hat_jaw.vtp'.
[2023-03-15 20:44:30.333] [warning] Couldn't find file 'hat_skull.vtp'.
[2023-03-15 20:44:30.333] [warning] Couldn't find file 'hat_ribs_scap.vtp'.
[2023-03-15 20:44:30.333] [warning] Couldn't find file 'humerus_rv.vtp'.
[2023-03-15 20:44:30.333] [warning] Couldn't find file 'ulna_rv.vtp'.
[2023-03-15 20:44:30.334] [warning] Couldn't find file 'radius_rv.vtp'.
[2023-03-15 20:44:30.334] [warning] Couldn't find file 'pisiform_rvs.vtp'.
[2023-03-15 20:44:30.334] [warning] Couldn't find file 'lunate_rvs.vtp'.
[2023-03-15 20:44:30.334] [warning] Couldn't find file 'scaphoid_rvs.vtp'.
[2023-03-15 20:44:30.335] [warning] Couldn't find file 'triquetrum_rvs.vtp'.
[2023-03-15 20:44:30.335] [warning] Couldn't find file 'hamate_rvs.vtp'.
[2023-03-15 20:44:30.335] [warning] Couldn't find file 'capitate_rvs.vtp'.
[2023-03-15 20:44:30.335] [warning] Couldn't find file 'trapezoid_rvs.vtp'.
[2023-03-15 20:44:30.336] [warning] Couldn't find file 'trapezium_rvs.vtp'.
[2023-03-15 20:44:30.336] [warning] Couldn't find file 'metacarpal2_rvs.vtp'.
[2023-03-15 20:44:30.336] [warning] Couldn't find file 'index_proximal_rvs.vtp'.
[2023-03-15 20:44:30.336] [warning] Couldn't find file 'index_medial_rvs.vtp'.
[2023-03-15 20:44:30.337] [warning] Couldn't find file 'index_distal_rvs.vtp'.
[2023-03-15 20:44:30.337] [warning] Couldn't find file 'metacarpal3_rvs.vtp'.
[2023-03-15 20:44:30.337] [warning] Couldn't find file 'middle_proximal_rvs.vtp'.
[2023-03-15 20:44:30.337] [warning] Couldn't find file 'middle_medial_rvs.vtp'.
[2023-03-15 20:44:30.338] [warning] Couldn't find file 'middle_distal_rvs.vtp'.
[2023-03-15 20:44:30.338] [warning] Couldn't find file 'metacarpal4_rvs.vtp'.
[2023-03-15 20:44:30.338] [warning] Couldn't find file 'ring_proximal_rvs.vtp'.
[2023-03-15 20:44:30.338] [warning] Couldn't find file 'ring_medial_rvs.vtp'.
[2023-03-15 20:44:30.339] [warning] Couldn't find file 'ring_distal_rvs.vtp'.
[2023-03-15 20:44:30.339] [warning] Couldn't find file 'metacarpal5_rvs.vtp'.
[2023-03-15 20:44:30.339] [warning] Couldn't find file 'little_proximal_rvs.vtp'.
[2023-03-15 20:44:30.339] [warning] Couldn't find file 'little_medial_rvs.vtp'.
[2023-03-15 20:44:30.340] [warning] Couldn't find file 'little_distal_rvs.vtp'.
[2023-03-15 20:44:30.340] [warning] Couldn't find file 'metacarpal1_rvs.vtp'.
[2023-03-15 20:44:30.340] [warning] Couldn't find file 'thumb_proximal_rvs.vtp'.
[2023-03-15 20:44:30.340] [warning] Couldn't find file 'thumb_distal_rvs.vtp'.
[2023-03-15 20:44:30.341] [warning] Couldn't find file 'humerus_lv.vtp'.
[2023-03-15 20:44:30.341] [warning] Couldn't find file 'ulna_lv.vtp'.
[2023-03-15 20:44:30.341] [warning] Couldn't find file 'radius_lv.vtp'.
[2023-03-15 20:44:30.342] [warning] Couldn't find file 'pisiform_lvs.vtp'.
[2023-03-15 20:44:30.342] [warning] Couldn't find file 'lunate_lvs.vtp'.
[2023-03-15 20:44:30.342] [warning] Couldn't find file 'scaphoid_lvs.vtp'.
[2023-03-15 20:44:30.342] [warning] Couldn't find file 'triquetrum_lvs.vtp'.
[2023-03-15 20:44:30.343] [warning] Couldn't find file 'hamate_lvs.vtp'.
[2023-03-15 20:44:30.343] [warning] Couldn't find file 'capitate_lvs.vtp'.
[2023-03-15 20:44:30.343] [warning] Couldn't find file 'trapezoid_lvs.vtp'.
[2023-03-15 20:44:30.344] [warning] Couldn't find file 'trapezium_lvs.vtp'.
[2023-03-15 20:44:30.344] [warning] Couldn't find file 'metacarpal2_lvs.vtp'.
[2023-03-15 20:44:30.344] [warning] Couldn't find file 'index_proximal_lvs.vtp'.
[2023-03-15 20:44:30.345] [warning] Couldn't find file 'index_medial_lvs.vtp'.
[2023-03-15 20:44:30.345] [warning] Couldn't find file 'index_distal_lvs.vtp'.
[2023-03-15 20:44:30.345] [warning] Couldn't find file 'metacarpal3_lvs.vtp'.
[2023-03-15 20:44:30.346] [warning] Couldn't find file 'middle_proximal_lvs.vtp'.
[2023-03-15 20:44:30.346] [warning] Couldn't find file 'middle_medial_lvs.vtp'.
[2023-03-15 20:44:30.347] [warning] Couldn't find file 'middle_distal_lvs.vtp'.
[2023-03-15 20:44:30.347] [warning] Couldn't find file 'metacarpal4_lvs.vtp'.
[2023-03-15 20:44:30.347] [warning] Couldn't find file 'ring_proximal_lvs.vtp'.
[2023-03-15 20:44:30.348] [warning] Couldn't find file 'ring_medial_lvs.vtp'.
[2023-03-15 20:44:30.348] [warning] Couldn't find file 'ring_distal_lvs.vtp'.
[2023-03-15 20:44:30.348] [warning] Couldn't find file 'metacarpal5_lvs.vtp'.
[2023-03-15 20:44:30.349] [warning] Couldn't find file 'little_proximal_lvs.vtp'.
[2023-03-15 20:44:30.349] [warning] Couldn't find file 'little_medial_lvs.vtp'.
[2023-03-15 20:44:30.349] [warning] Couldn't find file 'little_distal_lvs.vtp'.
[2023-03-15 20:44:30.350] [warning] Couldn't find file 'metacarpal1_lvs.vtp'.
[2023-03-15 20:44:30.350] [warning] Couldn't find file 'thumb_proximal_lvs.vtp'.
[2023-03-15 20:44:30.350] [warning] Couldn't find file 'thumb_distal_lvs.vtp'.
[2023-03-15 20:44:30.449] [info] Loaded model new_model_noMTP_scaled_FK-scaled from file C:\Users\ney\Desktop\SchoolWork\fyp\predsim_tutorial\OpenSimModel\new_model_scaled_FK_w15\Model\new_model_scaled_FK_w15.osim
[2023-03-15 20:44:30.450] [warning] Couldn't find file 'sacrum.vtp'.
[2023-03-15 20:44:30.450] [warning] Couldn't find file 'pelvis.vtp'.
[2023-03-15 20:44:30.451] [warning] Couldn't find file 'l_pelvis.vtp'.
[2023-03-15 20:44:30.451] [warning] Couldn't find file 'femur_r.vtp'.
[2023-03-15 20:44:30.452] [warning] Couldn't find file 'tibia_r.vtp'.
[2023-03-15 20:44:30.452] [warning] Couldn't find file 'fibula_r.vtp'.
[2023-03-15 20:44:30.452] [warning] Couldn't find file 'talus_rv.vtp'.
[2023-03-15 20:44:30.453] [warning] Couldn't find file 'foot.vtp'.
[2023-03-15 20:44:30.453] [warning] Couldn't find file 'bofoot.vtp'.
[2023-03-15 20:44:30.453] [warning] Couldn't find file 'femur_l.vtp'.
[2023-03-15 20:44:30.454] [warning] Couldn't find file 'tibia_l.vtp'.
[2023-03-15 20:44:30.454] [warning] Couldn't find file 'fibula_l.vtp'.
[2023-03-15 20:44:30.454] [warning] Couldn't find file 'talus_lv.vtp'.
[2023-03-15 20:44:30.455] [warning] Couldn't find file 'l_foot.vtp'.
[2023-03-15 20:44:30.455] [warning] Couldn't find file 'l_bofoot.vtp'.
[2023-03-15 20:44:30.455] [warning] Couldn't find file 'hat_spine.vtp'.
[2023-03-15 20:44:30.456] [warning] Couldn't find file 'hat_jaw.vtp'.
[2023-03-15 20:44:30.456] [warning] Couldn't find file 'hat_skull.vtp'.
[2023-03-15 20:44:30.456] [warning] Couldn't find file 'hat_ribs_scap.vtp'.
[2023-03-15 20:44:30.456] [warning] Couldn't find file 'humerus_rv.vtp'.
[2023-03-15 20:44:30.457] [warning] Couldn't find file 'ulna_rv.vtp'.
[2023-03-15 20:44:30.457] [warning] Couldn't find file 'radius_rv.vtp'.
[2023-03-15 20:44:30.457] [warning] Couldn't find file 'pisiform_rvs.vtp'.
[2023-03-15 20:44:30.458] [warning] Couldn't find file 'lunate_rvs.vtp'.
[2023-03-15 20:44:30.458] [warning] Couldn't find file 'scaphoid_rvs.vtp'.
[2023-03-15 20:44:30.458] [warning] Couldn't find file 'triquetrum_rvs.vtp'.
[2023-03-15 20:44:30.459] [warning] Couldn't find file 'hamate_rvs.vtp'.
[2023-03-15 20:44:30.459] [warning] Couldn't find file 'capitate_rvs.vtp'.
[2023-03-15 20:44:30.459] [warning] Couldn't find file 'trapezoid_rvs.vtp'.
[2023-03-15 20:44:30.460] [warning] Couldn't find file 'trapezium_rvs.vtp'.
[2023-03-15 20:44:30.460] [warning] Couldn't find file 'metacarpal2_rvs.vtp'.
[2023-03-15 20:44:30.460] [warning] Couldn't find file 'index_proximal_rvs.vtp'.
[2023-03-15 20:44:30.461] [warning] Couldn't find file 'index_medial_rvs.vtp'.
[2023-03-15 20:44:30.461] [warning] Couldn't find file 'index_distal_rvs.vtp'.
[2023-03-15 20:44:30.461] [warning] Couldn't find file 'metacarpal3_rvs.vtp'.
[2023-03-15 20:44:30.462] [warning] Couldn't find file 'middle_proximal_rvs.vtp'.
[2023-03-15 20:44:30.462] [warning] Couldn't find file 'middle_medial_rvs.vtp'.
[2023-03-15 20:44:30.462] [warning] Couldn't find file 'middle_distal_rvs.vtp'.
[2023-03-15 20:44:30.463] [warning] Couldn't find file 'metacarpal4_rvs.vtp'.
[2023-03-15 20:44:30.463] [warning] Couldn't find file 'ring_proximal_rvs.vtp'.
[2023-03-15 20:44:30.463] [warning] Couldn't find file 'ring_medial_rvs.vtp'.
[2023-03-15 20:44:30.464] [warning] Couldn't find file 'ring_distal_rvs.vtp'.
[2023-03-15 20:44:30.464] [warning] Couldn't find file 'metacarpal5_rvs.vtp'.
[2023-03-15 20:44:30.464] [warning] Couldn't find file 'little_proximal_rvs.vtp'.
[2023-03-15 20:44:30.464] [warning] Couldn't find file 'little_medial_rvs.vtp'.
[2023-03-15 20:44:30.465] [warning] Couldn't find file 'little_distal_rvs.vtp'.
[2023-03-15 20:44:30.465] [warning] Couldn't find file 'metacarpal1_rvs.vtp'.
[2023-03-15 20:44:30.465] [warning] Couldn't find file 'thumb_proximal_rvs.vtp'.
[2023-03-15 20:44:30.466] [warning] Couldn't find file 'thumb_distal_rvs.vtp'.
[2023-03-15 20:44:30.466] [warning] Couldn't find file 'humerus_lv.vtp'.
[2023-03-15 20:44:30.466] [warning] Couldn't find file 'ulna_lv.vtp'.
[2023-03-15 20:44:30.466] [warning] Couldn't find file 'radius_lv.vtp'.
[2023-03-15 20:44:30.467] [warning] Couldn't find file 'pisiform_lvs.vtp'.
[2023-03-15 20:44:30.467] [warning] Couldn't find file 'lunate_lvs.vtp'.
[2023-03-15 20:44:30.467] [warning] Couldn't find file 'scaphoid_lvs.vtp'.
[2023-03-15 20:44:30.468] [warning] Couldn't find file 'triquetrum_lvs.vtp'.
[2023-03-15 20:44:30.468] [warning] Couldn't find file 'hamate_lvs.vtp'.
[2023-03-15 20:44:30.468] [warning] Couldn't find file 'capitate_lvs.vtp'.
[2023-03-15 20:44:30.469] [warning] Couldn't find file 'trapezoid_lvs.vtp'.
[2023-03-15 20:44:30.469] [warning] Couldn't find file 'trapezium_lvs.vtp'.
[2023-03-15 20:44:30.469] [warning] Couldn't find file 'metacarpal2_lvs.vtp'.
[2023-03-15 20:44:30.469] [warning] Couldn't find file 'index_proximal_lvs.vtp'.
[2023-03-15 20:44:30.470] [warning] Couldn't find file 'index_medial_lvs.vtp'.
[2023-03-15 20:44:30.470] [warning] Couldn't find file 'index_distal_lvs.vtp'.
[2023-03-15 20:44:30.470] [warning] Couldn't find file 'metacarpal3_lvs.vtp'.
[2023-03-15 20:44:30.470] [warning] Couldn't find file 'middle_proximal_lvs.vtp'.
[2023-03-15 20:44:30.471] [warning] Couldn't find file 'middle_medial_lvs.vtp'.
[2023-03-15 20:44:30.471] [warning] Couldn't find file 'middle_distal_lvs.vtp'.
[2023-03-15 20:44:30.471] [warning] Couldn't find file 'metacarpal4_lvs.vtp'.
[2023-03-15 20:44:30.472] [warning] Couldn't find file 'ring_proximal_lvs.vtp'.
[2023-03-15 20:44:30.472] [warning] Couldn't find file 'ring_medial_lvs.vtp'.
[2023-03-15 20:44:30.472] [warning] Couldn't find file 'ring_distal_lvs.vtp'.
[2023-03-15 20:44:30.473] [warning] Couldn't find file 'metacarpal5_lvs.vtp'.
[2023-03-15 20:44:30.473] [warning] Couldn't find file 'little_proximal_lvs.vtp'.
[2023-03-15 20:44:30.473] [warning] Couldn't find file 'little_medial_lvs.vtp'.
[2023-03-15 20:44:30.474] [warning] Couldn't find file 'little_distal_lvs.vtp'.
[2023-03-15 20:44:30.474] [warning] Couldn't find file 'metacarpal1_lvs.vtp'.
[2023-03-15 20:44:30.475] [warning] Couldn't find file 'thumb_proximal_lvs.vtp'.
[2023-03-15 20:44:30.475] [warning] Couldn't find file 'thumb_distal_lvs.vtp'.
[2023-03-15 20:57:03.435] [info] Loaded model Hamner_modified_scaled from file C:\Users\ney\Desktop\SchoolWork\fyp\predsim_tutorial\OpenSimModel\Hamner_modified_scaled\Model\Hamner_modified_scaled.osim
[2023-03-15 20:57:03.437] [warning] Couldn't find file 'sacrum.vtp'.
[2023-03-15 20:57:03.437] [warning] Couldn't find file 'pelvis.vtp'.
[2023-03-15 20:57:03.437] [warning] Couldn't find file 'l_pelvis.vtp'.
[2023-03-15 20:57:03.438] [warning] Couldn't find file 'femur_r.vtp'.
[2023-03-15 20:57:03.438] [warning] Couldn't find file 'tibia_r.vtp'.
[2023-03-15 20:57:03.438] [warning] Couldn't find file 'fibula_r.vtp'.
[2023-03-15 20:57:03.439] [warning] Couldn't find file 'talus_rv.vtp'.
[2023-03-15 20:57:03.439] [warning] Couldn't find file 'foot.vtp'.
[2023-03-15 20:57:03.439] [warning] Couldn't find file 'bofoot.vtp'.
[2023-03-15 20:57:03.439] [warning] Couldn't find file 'femur_l.vtp'.
[2023-03-15 20:57:03.440] [warning] Couldn't find file 'tibia_l.vtp'.
[2023-03-15 20:57:03.440] [warning] Couldn't find file 'fibula_l.vtp'.
[2023-03-15 20:57:03.440] [warning] Couldn't find file 'talus_lv.vtp'.
[2023-03-15 20:57:03.441] [warning] Couldn't find file 'l_foot.vtp'.
[2023-03-15 20:57:03.441] [warning] Couldn't find file 'l_bofoot.vtp'.
[2023-03-15 20:57:03.441] [warning] Couldn't find file 'hat_spine.vtp'.
[2023-03-15 20:57:03.441] [warning] Couldn't find file 'hat_jaw.vtp'.
[2023-03-15 20:57:03.442] [warning] Couldn't find file 'hat_skull.vtp'.
[2023-03-15 20:57:03.442] [warning] Couldn't find file 'hat_ribs_scap.vtp'.
[2023-03-15 20:57:03.442] [warning] Couldn't find file 'humerus_rv.vtp'.
[2023-03-15 20:57:03.442] [warning] Couldn't find file 'ulna_rv.vtp'.
[2023-03-15 20:57:03.443] [warning] Couldn't find file 'radius_rv.vtp'.
[2023-03-15 20:57:03.443] [warning] Couldn't find file 'pisiform_rvs.vtp'.
[2023-03-15 20:57:03.443] [warning] Couldn't find file 'lunate_rvs.vtp'.
[2023-03-15 20:57:03.443] [warning] Couldn't find file 'scaphoid_rvs.vtp'.
[2023-03-15 20:57:03.444] [warning] Couldn't find file 'triquetrum_rvs.vtp'.
[2023-03-15 20:57:03.444] [warning] Couldn't find file 'hamate_rvs.vtp'.
[2023-03-15 20:57:03.444] [warning] Couldn't find file 'capitate_rvs.vtp'.
[2023-03-15 20:57:03.444] [warning] Couldn't find file 'trapezoid_rvs.vtp'.
[2023-03-15 20:57:03.445] [warning] Couldn't find file 'trapezium_rvs.vtp'.
[2023-03-15 20:57:03.445] [warning] Couldn't find file 'metacarpal2_rvs.vtp'.
[2023-03-15 20:57:03.445] [warning] Couldn't find file 'index_proximal_rvs.vtp'.
[2023-03-15 20:57:03.446] [warning] Couldn't find file 'index_medial_rvs.vtp'.
[2023-03-15 20:57:03.446] [warning] Couldn't find file 'index_distal_rvs.vtp'.
[2023-03-15 20:57:03.446] [warning] Couldn't find file 'metacarpal3_rvs.vtp'.
[2023-03-15 20:57:03.447] [warning] Couldn't find file 'middle_proximal_rvs.vtp'.
[2023-03-15 20:57:03.447] [warning] Couldn't find file 'middle_medial_rvs.vtp'.
[2023-03-15 20:57:03.447] [warning] Couldn't find file 'middle_distal_rvs.vtp'.
[2023-03-15 20:57:03.447] [warning] Couldn't find file 'metacarpal4_rvs.vtp'.
[2023-03-15 20:57:03.448] [warning] Couldn't find file 'ring_proximal_rvs.vtp'.
[2023-03-15 20:57:03.448] [warning] Couldn't find file 'ring_medial_rvs.vtp'.
[2023-03-15 20:57:03.448] [warning] Couldn't find file 'ring_distal_rvs.vtp'.
[2023-03-15 20:57:03.448] [warning] Couldn't find file 'metacarpal5_rvs.vtp'.
[2023-03-15 20:57:03.449] [warning] Couldn't find file 'little_proximal_rvs.vtp'.
[2023-03-15 20:57:03.449] [warning] Couldn't find file 'little_medial_rvs.vtp'.
[2023-03-15 20:57:03.449] [warning] Couldn't find file 'little_distal_rvs.vtp'.
[2023-03-15 20:57:03.449] [warning] Couldn't find file 'metacarpal1_rvs.vtp'.
[2023-03-15 20:57:03.450] [warning] Couldn't find file 'thumb_proximal_rvs.vtp'.
[2023-03-15 20:57:03.450] [warning] Couldn't find file 'thumb_distal_rvs.vtp'.
[2023-03-15 20:57:03.450] [warning] Couldn't find file 'humerus_lv.vtp'.
[2023-03-15 20:57:03.451] [warning] Couldn't find file 'ulna_lv.vtp'.
[2023-03-15 20:57:03.451] [warning] Couldn't find file 'radius_lv.vtp'.
[2023-03-15 20:57:03.451] [warning] Couldn't find file 'pisiform_lvs.vtp'.
[2023-03-15 20:57:03.452] [warning] Couldn't find file 'lunate_lvs.vtp'.
[2023-03-15 20:57:03.452] [warning] Couldn't find file 'scaphoid_lvs.vtp'.
[2023-03-15 20:57:03.452] [warning] Couldn't find file 'triquetrum_lvs.vtp'.
[2023-03-15 20:57:03.453] [warning] Couldn't find file 'hamate_lvs.vtp'.
[2023-03-15 20:57:03.453] [warning] Couldn't find file 'capitate_lvs.vtp'.
[2023-03-15 20:57:03.453] [warning] Couldn't find file 'trapezoid_lvs.vtp'.
[2023-03-15 20:57:03.454] [warning] Couldn't find file 'trapezium_lvs.vtp'.
[2023-03-15 20:57:03.454] [warning] Couldn't find file 'metacarpal2_lvs.vtp'.
[2023-03-15 20:57:03.454] [warning] Couldn't find file 'index_proximal_lvs.vtp'.
[2023-03-15 20:57:03.455] [warning] Couldn't find file 'index_medial_lvs.vtp'.
[2023-03-15 20:57:03.455] [warning] Couldn't find file 'index_distal_lvs.vtp'.
[2023-03-15 20:57:03.455] [warning] Couldn't find file 'metacarpal3_lvs.vtp'.
[2023-03-15 20:57:03.456] [warning] Couldn't find file 'middle_proximal_lvs.vtp'.
[2023-03-15 20:57:03.456] [warning] Couldn't find file 'middle_medial_lvs.vtp'.
[2023-03-15 20:57:03.456] [warning] Couldn't find file 'middle_distal_lvs.vtp'.
[2023-03-15 20:57:03.457] [warning] Couldn't find file 'metacarpal4_lvs.vtp'.
[2023-03-15 20:57:03.457] [warning] Couldn't find file 'ring_proximal_lvs.vtp'.
[2023-03-15 20:57:03.457] [warning] Couldn't find file 'ring_medial_lvs.vtp'.
[2023-03-15 20:57:03.458] [warning] Couldn't find file 'ring_distal_lvs.vtp'.
[2023-03-15 20:57:03.458] [warning] Couldn't find file 'metacarpal5_lvs.vtp'.
[2023-03-15 20:57:03.458] [warning] Couldn't find file 'little_proximal_lvs.vtp'.
[2023-03-15 20:57:03.459] [warning] Couldn't find file 'little_medial_lvs.vtp'.
[2023-03-15 20:57:03.459] [warning] Couldn't find file 'little_distal_lvs.vtp'.
[2023-03-15 20:57:03.459] [warning] Couldn't find file 'metacarpal1_lvs.vtp'.
[2023-03-15 20:57:03.460] [warning] Couldn't find file 'thumb_proximal_lvs.vtp'.
[2023-03-15 20:57:03.460] [warning] Couldn't find file 'thumb_distal_lvs.vtp'.
[2023-03-15 20:57:03.549] [info] Loaded model Hamner_modified_scaled from file C:\Users\ney\Desktop\SchoolWork\fyp\predsim_tutorial\OpenSimModel\Hamner_modified_scaled\Model\Hamner_modified_scaled.osim
[2023-03-15 20:57:03.550] [warning] Couldn't find file 'sacrum.vtp'.
[2023-03-15 20:57:03.551] [warning] Couldn't find file 'pelvis.vtp'.
[2023-03-15 20:57:03.551] [warning] Couldn't find file 'l_pelvis.vtp'.
[2023-03-15 20:57:03.551] [warning] Couldn't find file 'femur_r.vtp'.
[2023-03-15 20:57:03.552] [warning] Couldn't find file 'tibia_r.vtp'.
[2023-03-15 20:57:03.552] [warning] Couldn't find file 'fibula_r.vtp'.
[2023-03-15 20:57:03.552] [warning] Couldn't find file 'talus_rv.vtp'.
[2023-03-15 20:57:03.553] [warning] Couldn't find file 'foot.vtp'.
[2023-03-15 20:57:03.553] [warning] Couldn't find file 'bofoot.vtp'.
[2023-03-15 20:57:03.553] [warning] Couldn't find file 'femur_l.vtp'.
[2023-03-15 20:57:03.554] [warning] Couldn't find file 'tibia_l.vtp'.
[2023-03-15 20:57:03.554] [warning] Couldn't find file 'fibula_l.vtp'.
[2023-03-15 20:57:03.555] [warning] Couldn't find file 'talus_lv.vtp'.
[2023-03-15 20:57:03.555] [warning] Couldn't find file 'l_foot.vtp'.
[2023-03-15 20:57:03.555] [warning] Couldn't find file 'l_bofoot.vtp'.
[2023-03-15 20:57:03.556] [warning] Couldn't find file 'hat_spine.vtp'.
[2023-03-15 20:57:03.556] [warning] Couldn't find file 'hat_jaw.vtp'.
[2023-03-15 20:57:03.556] [warning] Couldn't find file 'hat_skull.vtp'.
[2023-03-15 20:57:03.557] [warning] Couldn't find file 'hat_ribs_scap.vtp'.
[2023-03-15 20:57:03.557] [warning] Couldn't find file 'humerus_rv.vtp'.
[2023-03-15 20:57:03.558] [warning] Couldn't find file 'ulna_rv.vtp'.
[2023-03-15 20:57:03.558] [warning] Couldn't find file 'radius_rv.vtp'.
[2023-03-15 20:57:03.558] [warning] Couldn't find file 'pisiform_rvs.vtp'.
[2023-03-15 20:57:03.559] [warning] Couldn't find file 'lunate_rvs.vtp'.
[2023-03-15 20:57:03.559] [warning] Couldn't find file 'scaphoid_rvs.vtp'.
[2023-03-15 20:57:03.559] [warning] Couldn't find file 'triquetrum_rvs.vtp'.
[2023-03-15 20:57:03.560] [warning] Couldn't find file 'hamate_rvs.vtp'.
[2023-03-15 20:57:03.560] [warning] Couldn't find file 'capitate_rvs.vtp'.
[2023-03-15 20:57:03.560] [warning] Couldn't find file 'trapezoid_rvs.vtp'.
[2023-03-15 20:57:03.561] [warning] Couldn't find file 'trapezium_rvs.vtp'.
[2023-03-15 20:57:03.561] [warning] Couldn't find file 'metacarpal2_rvs.vtp'.
[2023-03-15 20:57:03.561] [warning] Couldn't find file 'index_proximal_rvs.vtp'.
[2023-03-15 20:57:03.562] [warning] Couldn't find file 'index_medial_rvs.vtp'.
[2023-03-15 20:57:03.562] [warning] Couldn't find file 'index_distal_rvs.vtp'.
[2023-03-15 20:57:03.562] [warning] Couldn't find file 'metacarpal3_rvs.vtp'.
[2023-03-15 20:57:03.563] [warning] Couldn't find file 'middle_proximal_rvs.vtp'.
[2023-03-15 20:57:03.563] [warning] Couldn't find file 'middle_medial_rvs.vtp'.
[2023-03-15 20:57:03.563] [warning] Couldn't find file 'middle_distal_rvs.vtp'.
[2023-03-15 20:57:03.564] [warning] Couldn't find file 'metacarpal4_rvs.vtp'.
[2023-03-15 20:57:03.564] [warning] Couldn't find file 'ring_proximal_rvs.vtp'.
[2023-03-15 20:57:03.565] [warning] Couldn't find file 'ring_medial_rvs.vtp'.
[2023-03-15 20:57:03.565] [warning] Couldn't find file 'ring_distal_rvs.vtp'.
[2023-03-15 20:57:03.565] [warning] Couldn't find file 'metacarpal5_rvs.vtp'.
[2023-03-15 20:57:03.566] [warning] Couldn't find file 'little_proximal_rvs.vtp'.
[2023-03-15 20:57:03.566] [warning] Couldn't find file 'little_medial_rvs.vtp'.
[2023-03-15 20:57:03.566] [warning] Couldn't find file 'little_distal_rvs.vtp'.
[2023-03-15 20:57:03.567] [warning] Couldn't find file 'metacarpal1_rvs.vtp'.
[2023-03-15 20:57:03.567] [warning] Couldn't find file 'thumb_proximal_rvs.vtp'.
[2023-03-15 20:57:03.567] [warning] Couldn't find file 'thumb_distal_rvs.vtp'.
[2023-03-15 20:57:03.568] [warning] Couldn't find file 'humerus_lv.vtp'.
[2023-03-15 20:57:03.568] [warning] Couldn't find file 'ulna_lv.vtp'.
[2023-03-15 20:57:03.568] [warning] Couldn't find file 'radius_lv.vtp'.
[2023-03-15 20:57:03.569] [warning] Couldn't find file 'pisiform_lvs.vtp'.
[2023-03-15 20:57:03.569] [warning] Couldn't find file 'lunate_lvs.vtp'.
[2023-03-15 20:57:03.569] [warning] Couldn't find file 'scaphoid_lvs.vtp'.
[2023-03-15 20:57:03.570] [warning] Couldn't find file 'triquetrum_lvs.vtp'.
[2023-03-15 20:57:03.570] [warning] Couldn't find file 'hamate_lvs.vtp'.
[2023-03-15 20:57:03.570] [warning] Couldn't find file 'capitate_lvs.vtp'.
[2023-03-15 20:57:03.570] [warning] Couldn't find file 'trapezoid_lvs.vtp'.
[2023-03-15 20:57:03.571] [warning] Couldn't find file 'trapezium_lvs.vtp'.
[2023-03-15 20:57:03.571] [warning] Couldn't find file 'metacarpal2_lvs.vtp'.
[2023-03-15 20:57:03.571] [warning] Couldn't find file 'index_proximal_lvs.vtp'.
[2023-03-15 20:57:03.572] [warning] Couldn't find file 'index_medial_lvs.vtp'.
[2023-03-15 20:57:03.572] [warning] Couldn't find file 'index_distal_lvs.vtp'.
[2023-03-15 20:57:03.572] [warning] Couldn't find file 'metacarpal3_lvs.vtp'.
[2023-03-15 20:57:03.573] [warning] Couldn't find file 'middle_proximal_lvs.vtp'.
[2023-03-15 20:57:03.573] [warning] Couldn't find file 'middle_medial_lvs.vtp'.
[2023-03-15 20:57:03.573] [warning] Couldn't find file 'middle_distal_lvs.vtp'.
[2023-03-15 20:57:03.574] [warning] Couldn't find file 'metacarpal4_lvs.vtp'.
[2023-03-15 20:57:03.574] [warning] Couldn't find file 'ring_proximal_lvs.vtp'.
[2023-03-15 20:57:03.574] [warning] Couldn't find file 'ring_medial_lvs.vtp'.
[2023-03-15 20:57:03.574] [warning] Couldn't find file 'ring_distal_lvs.vtp'.
[2023-03-15 20:57:03.575] [warning] Couldn't find file 'metacarpal5_lvs.vtp'.
[2023-03-15 20:57:03.575] [warning] Couldn't find file 'little_proximal_lvs.vtp'.
[2023-03-15 20:57:03.575] [warning] Couldn't find file 'little_medial_lvs.vtp'.
[2023-03-15 20:57:03.576] [warning] Couldn't find file 'little_distal_lvs.vtp'.
[2023-03-15 20:57:03.576] [warning] Couldn't find file 'metacarpal1_lvs.vtp'.
[2023-03-15 20:57:03.577] [warning] Couldn't find file 'thumb_proximal_lvs.vtp'.
[2023-03-15 20:57:03.577] [warning] Couldn't find file 'thumb_distal_lvs.vtp'.
[2023-03-16 00:05:17.398] [info] Loaded model new_model_noMTP_scaled_FK-scaled from file C:\Users\ney\Desktop\SchoolWork\fyp\predsim_tutorial\OpenSimModel\Hamner_modified_w_markers_w15_44\Model\Hamner_modified_w_markers_w15_44.osim
[2023-03-16 00:05:17.400] [warning] Couldn't find file 'sacrum.vtp'.
[2023-03-16 00:05:17.401] [warning] Couldn't find file 'pelvis.vtp'.
[2023-03-16 00:05:17.401] [warning] Couldn't find file 'l_pelvis.vtp'.
[2023-03-16 00:05:17.402] [warning] Couldn't find file 'femur_r.vtp'.
[2023-03-16 00:05:17.402] [warning] Couldn't find file 'tibia_r.vtp'.
[2023-03-16 00:05:17.403] [warning] Couldn't find file 'fibula_r.vtp'.
[2023-03-16 00:05:17.403] [warning] Couldn't find file 'talus_rv.vtp'.
[2023-03-16 00:05:17.404] [warning] Couldn't find file 'foot.vtp'.
[2023-03-16 00:05:17.404] [warning] Couldn't find file 'bofoot.vtp'.
[2023-03-16 00:05:17.405] [warning] Couldn't find file 'femur_l.vtp'.
[2023-03-16 00:05:17.405] [warning] Couldn't find file 'tibia_l.vtp'.
[2023-03-16 00:05:17.406] [warning] Couldn't find file 'fibula_l.vtp'.
[2023-03-16 00:05:17.406] [warning] Couldn't find file 'talus_lv.vtp'.
[2023-03-16 00:05:17.407] [warning] Couldn't find file 'l_foot.vtp'.
[2023-03-16 00:05:17.407] [warning] Couldn't find file 'l_bofoot.vtp'.
[2023-03-16 00:05:17.408] [warning] Couldn't find file 'hat_spine.vtp'.
[2023-03-16 00:05:17.408] [warning] Couldn't find file 'hat_jaw.vtp'.
[2023-03-16 00:05:17.408] [warning] Couldn't find file 'hat_skull.vtp'.
[2023-03-16 00:05:17.409] [warning] Couldn't find file 'hat_ribs_scap.vtp'.
[2023-03-16 00:05:17.409] [warning] Couldn't find file 'humerus_rv.vtp'.
[2023-03-16 00:05:17.409] [warning] Couldn't find file 'ulna_rv.vtp'.
[2023-03-16 00:05:17.410] [warning] Couldn't find file 'radius_rv.vtp'.
[2023-03-16 00:05:17.410] [warning] Couldn't find file 'pisiform_rvs.vtp'.
[2023-03-16 00:05:17.410] [warning] Couldn't find file 'lunate_rvs.vtp'.
[2023-03-16 00:05:17.411] [warning] Couldn't find file 'scaphoid_rvs.vtp'.
[2023-03-16 00:05:17.411] [warning] Couldn't find file 'triquetrum_rvs.vtp'.
[2023-03-16 00:05:17.411] [warning] Couldn't find file 'hamate_rvs.vtp'.
[2023-03-16 00:05:17.411] [warning] Couldn't find file 'capitate_rvs.vtp'.
[2023-03-16 00:05:17.412] [warning] Couldn't find file 'trapezoid_rvs.vtp'.
[2023-03-16 00:05:17.412] [warning] Couldn't find file 'trapezium_rvs.vtp'.
[2023-03-16 00:05:17.412] [warning] Couldn't find file 'metacarpal2_rvs.vtp'.
[2023-03-16 00:05:17.413] [warning] Couldn't find file 'index_proximal_rvs.vtp'.
[2023-03-16 00:05:17.413] [warning] Couldn't find file 'index_medial_rvs.vtp'.
[2023-03-16 00:05:17.413] [warning] Couldn't find file 'index_distal_rvs.vtp'.
[2023-03-16 00:05:17.414] [warning] Couldn't find file 'metacarpal3_rvs.vtp'.
[2023-03-16 00:05:17.414] [warning] Couldn't find file 'middle_proximal_rvs.vtp'.
[2023-03-16 00:05:17.414] [warning] Couldn't find file 'middle_medial_rvs.vtp'.
[2023-03-16 00:05:17.415] [warning] Couldn't find file 'middle_distal_rvs.vtp'.
[2023-03-16 00:05:17.415] [warning] Couldn't find file 'metacarpal4_rvs.vtp'.
[2023-03-16 00:05:17.415] [warning] Couldn't find file 'ring_proximal_rvs.vtp'.
[2023-03-16 00:05:17.416] [warning] Couldn't find file 'ring_medial_rvs.vtp'.
[2023-03-16 00:05:17.416] [warning] Couldn't find file 'ring_distal_rvs.vtp'.
[2023-03-16 00:05:17.417] [warning] Couldn't find file 'metacarpal5_rvs.vtp'.
[2023-03-16 00:05:17.417] [warning] Couldn't find file 'little_proximal_rvs.vtp'.
[2023-03-16 00:05:17.417] [warning] Couldn't find file 'little_medial_rvs.vtp'.
[2023-03-16 00:05:17.418] [warning] Couldn't find file 'little_distal_rvs.vtp'.
[2023-03-16 00:05:17.419] [warning] Couldn't find file 'metacarpal1_rvs.vtp'.
[2023-03-16 00:05:17.419] [warning] Couldn't find file 'thumb_proximal_rvs.vtp'.
[2023-03-16 00:05:17.419] [warning] Couldn't find file 'thumb_distal_rvs.vtp'.
[2023-03-16 00:05:17.420] [warning] Couldn't find file 'humerus_lv.vtp'.
[2023-03-16 00:05:17.420] [warning] Couldn't find file 'ulna_lv.vtp'.
[2023-03-16 00:05:17.421] [warning] Couldn't find file 'radius_lv.vtp'.
[2023-03-16 00:05:17.421] [warning] Couldn't find file 'pisiform_lvs.vtp'.
[2023-03-16 00:05:17.421] [warning] Couldn't find file 'lunate_lvs.vtp'.
[2023-03-16 00:05:17.422] [warning] Couldn't find file 'scaphoid_lvs.vtp'.
[2023-03-16 00:05:17.422] [warning] Couldn't find file 'triquetrum_lvs.vtp'.
[2023-03-16 00:05:17.423] [warning] Couldn't find file 'hamate_lvs.vtp'.
[2023-03-16 00:05:17.423] [warning] Couldn't find file 'capitate_lvs.vtp'.
[2023-03-16 00:05:17.423] [warning] Couldn't find file 'trapezoid_lvs.vtp'.
[2023-03-16 00:05:17.424] [warning] Couldn't find file 'trapezium_lvs.vtp'.
[2023-03-16 00:05:17.424] [warning] Couldn't find file 'metacarpal2_lvs.vtp'.
[2023-03-16 00:05:17.425] [warning] Couldn't find file 'index_proximal_lvs.vtp'.
[2023-03-16 00:05:17.425] [warning] Couldn't find file 'index_medial_lvs.vtp'.
[2023-03-16 00:05:17.425] [warning] Couldn't find file 'index_distal_lvs.vtp'.
[2023-03-16 00:05:17.426] [warning] Couldn't find file 'metacarpal3_lvs.vtp'.
[2023-03-16 00:05:17.426] [warning] Couldn't find file 'middle_proximal_lvs.vtp'.
[2023-03-16 00:05:17.426] [warning] Couldn't find file 'middle_medial_lvs.vtp'.
[2023-03-16 00:05:17.427] [warning] Couldn't find file 'middle_distal_lvs.vtp'.
[2023-03-16 00:05:17.427] [warning] Couldn't find file 'metacarpal4_lvs.vtp'.
[2023-03-16 00:05:17.427] [warning] Couldn't find file 'ring_proximal_lvs.vtp'.
[2023-03-16 00:05:17.428] [warning] Couldn't find file 'ring_medial_lvs.vtp'.
[2023-03-16 00:05:17.428] [warning] Couldn't find file 'ring_distal_lvs.vtp'.
[2023-03-16 00:05:17.428] [warning] Couldn't find file 'metacarpal5_lvs.vtp'.
[2023-03-16 00:05:17.429] [warning] Couldn't find file 'little_proximal_lvs.vtp'.
[2023-03-16 00:05:17.429] [warning] Couldn't find file 'little_medial_lvs.vtp'.
[2023-03-16 00:05:17.430] [warning] Couldn't find file 'little_distal_lvs.vtp'.
[2023-03-16 00:05:17.430] [warning] Couldn't find file 'metacarpal1_lvs.vtp'.
[2023-03-16 00:05:17.430] [warning] Couldn't find file 'thumb_proximal_lvs.vtp'.
[2023-03-16 00:05:17.431] [warning] Couldn't find file 'thumb_distal_lvs.vtp'.
[2023-03-16 00:05:17.561] [info] Loaded model new_model_noMTP_scaled_FK-scaled from file C:\Users\ney\Desktop\SchoolWork\fyp\predsim_tutorial\OpenSimModel\Hamner_modified_w_markers_w15_44\Model\Hamner_modified_w_markers_w15_44.osim
[2023-03-16 00:05:17.562] [warning] Couldn't find file 'sacrum.vtp'.
[2023-03-16 00:05:17.563] [warning] Couldn't find file 'pelvis.vtp'.
[2023-03-16 00:05:17.563] [warning] Couldn't find file 'l_pelvis.vtp'.
[2023-03-16 00:05:17.563] [warning] Couldn't find file 'femur_r.vtp'.
[2023-03-16 00:05:17.564] [warning] Couldn't find file 'tibia_r.vtp'.
[2023-03-16 00:05:17.564] [warning] Couldn't find file 'fibula_r.vtp'.
[2023-03-16 00:05:17.564] [warning] Couldn't find file 'talus_rv.vtp'.
[2023-03-16 00:05:17.565] [warning] Couldn't find file 'foot.vtp'.
[2023-03-16 00:05:17.565] [warning] Couldn't find file 'bofoot.vtp'.
[2023-03-16 00:05:17.565] [warning] Couldn't find file 'femur_l.vtp'.
[2023-03-16 00:05:17.566] [warning] Couldn't find file 'tibia_l.vtp'.
[2023-03-16 00:05:17.566] [warning] Couldn't find file 'fibula_l.vtp'.
[2023-03-16 00:05:17.566] [warning] Couldn't find file 'talus_lv.vtp'.
[2023-03-16 00:05:17.567] [warning] Couldn't find file 'l_foot.vtp'.
[2023-03-16 00:05:17.567] [warning] Couldn't find file 'l_bofoot.vtp'.
[2023-03-16 00:05:17.568] [warning] Couldn't find file 'hat_spine.vtp'.
[2023-03-16 00:05:17.568] [warning] Couldn't find file 'hat_jaw.vtp'.
[2023-03-16 00:05:17.569] [warning] Couldn't find file 'hat_skull.vtp'.
[2023-03-16 00:05:17.569] [warning] Couldn't find file 'hat_ribs_scap.vtp'.
[2023-03-16 00:05:17.569] [warning] Couldn't find file 'humerus_rv.vtp'.
[2023-03-16 00:05:17.570] [warning] Couldn't find file 'ulna_rv.vtp'.
[2023-03-16 00:05:17.570] [warning] Couldn't find file 'radius_rv.vtp'.
[2023-03-16 00:05:17.571] [warning] Couldn't find file 'pisiform_rvs.vtp'.
[2023-03-16 00:05:17.571] [warning] Couldn't find file 'lunate_rvs.vtp'.
[2023-03-16 00:05:17.572] [warning] Couldn't find file 'scaphoid_rvs.vtp'.
[2023-03-16 00:05:17.572] [warning] Couldn't find file 'triquetrum_rvs.vtp'.
[2023-03-16 00:05:17.572] [warning] Couldn't find file 'hamate_rvs.vtp'.
[2023-03-16 00:05:17.573] [warning] Couldn't find file 'capitate_rvs.vtp'.
[2023-03-16 00:05:17.573] [warning] Couldn't find file 'trapezoid_rvs.vtp'.
[2023-03-16 00:05:17.573] [warning] Couldn't find file 'trapezium_rvs.vtp'.
[2023-03-16 00:05:17.574] [warning] Couldn't find file 'metacarpal2_rvs.vtp'.
[2023-03-16 00:05:17.574] [warning] Couldn't find file 'index_proximal_rvs.vtp'.
[2023-03-16 00:05:17.574] [warning] Couldn't find file 'index_medial_rvs.vtp'.
[2023-03-16 00:05:17.575] [warning] Couldn't find file 'index_distal_rvs.vtp'.
[2023-03-16 00:05:17.575] [warning] Couldn't find file 'metacarpal3_rvs.vtp'.
[2023-03-16 00:05:17.575] [warning] Couldn't find file 'middle_proximal_rvs.vtp'.
[2023-03-16 00:05:17.576] [warning] Couldn't find file 'middle_medial_rvs.vtp'.
[2023-03-16 00:05:17.576] [warning] Couldn't find file 'middle_distal_rvs.vtp'.
[2023-03-16 00:05:17.576] [warning] Couldn't find file 'metacarpal4_rvs.vtp'.
[2023-03-16 00:05:17.576] [warning] Couldn't find file 'ring_proximal_rvs.vtp'.
[2023-03-16 00:05:17.577] [warning] Couldn't find file 'ring_medial_rvs.vtp'.
[2023-03-16 00:05:17.577] [warning] Couldn't find file 'ring_distal_rvs.vtp'.
[2023-03-16 00:05:17.578] [warning] Couldn't find file 'metacarpal5_rvs.vtp'.
[2023-03-16 00:05:17.578] [warning] Couldn't find file 'little_proximal_rvs.vtp'.
[2023-03-16 00:05:17.579] [warning] Couldn't find file 'little_medial_rvs.vtp'.
[2023-03-16 00:05:17.579] [warning] Couldn't find file 'little_distal_rvs.vtp'.
[2023-03-16 00:05:17.579] [warning] Couldn't find file 'metacarpal1_rvs.vtp'.
[2023-03-16 00:05:17.580] [warning] Couldn't find file 'thumb_proximal_rvs.vtp'.
[2023-03-16 00:05:17.580] [warning] Couldn't find file 'thumb_distal_rvs.vtp'.
[2023-03-16 00:05:17.581] [warning] Couldn't find file 'humerus_lv.vtp'.
[2023-03-16 00:05:17.581] [warning] Couldn't find file 'ulna_lv.vtp'.
[2023-03-16 00:05:17.581] [warning] Couldn't find file 'radius_lv.vtp'.
[2023-03-16 00:05:17.582] [warning] Couldn't find file 'pisiform_lvs.vtp'.
[2023-03-16 00:05:17.582] [warning] Couldn't find file 'lunate_lvs.vtp'.
[2023-03-16 00:05:17.582] [warning] Couldn't find file 'scaphoid_lvs.vtp'.
[2023-03-16 00:05:17.583] [warning] Couldn't find file 'triquetrum_lvs.vtp'.
[2023-03-16 00:05:17.583] [warning] Couldn't find file 'hamate_lvs.vtp'.
[2023-03-16 00:05:17.584] [warning] Couldn't find file 'capitate_lvs.vtp'.
[2023-03-16 00:05:17.584] [warning] Couldn't find file 'trapezoid_lvs.vtp'.
[2023-03-16 00:05:17.584] [warning] Couldn't find file 'trapezium_lvs.vtp'.
[2023-03-16 00:05:17.585] [warning] Couldn't find file 'metacarpal2_lvs.vtp'.
[2023-03-16 00:05:17.585] [warning] Couldn't find file 'index_proximal_lvs.vtp'.
[2023-03-16 00:05:17.586] [warning] Couldn't find file 'index_medial_lvs.vtp'.
[2023-03-16 00:05:17.586] [warning] Couldn't find file 'index_distal_lvs.vtp'.
[2023-03-16 00:05:17.587] [warning] Couldn't find file 'metacarpal3_lvs.vtp'.
[2023-03-16 00:05:17.588] [warning] Couldn't find file 'middle_proximal_lvs.vtp'.
[2023-03-16 00:05:17.588] [warning] Couldn't find file 'middle_medial_lvs.vtp'.
[2023-03-16 00:05:17.589] [warning] Couldn't find file 'middle_distal_lvs.vtp'.
[2023-03-16 00:05:17.589] [warning] Couldn't find file 'metacarpal4_lvs.vtp'.
[2023-03-16 00:05:17.589] [warning] Couldn't find file 'ring_proximal_lvs.vtp'.
[2023-03-16 00:05:17.590] [warning] Couldn't find file 'ring_medial_lvs.vtp'.
[2023-03-16 00:05:17.590] [warning] Couldn't find file 'ring_distal_lvs.vtp'.
[2023-03-16 00:05:17.590] [warning] Couldn't find file 'metacarpal5_lvs.vtp'.
[2023-03-16 00:05:17.591] [warning] Couldn't find file 'little_proximal_lvs.vtp'.
[2023-03-16 00:05:17.591] [warning] Couldn't find file 'little_medial_lvs.vtp'.
[2023-03-16 00:05:17.591] [warning] Couldn't find file 'little_distal_lvs.vtp'.
[2023-03-16 00:05:17.592] [warning] Couldn't find file 'metacarpal1_lvs.vtp'.
[2023-03-16 00:05:17.592] [warning] Couldn't find file 'thumb_proximal_lvs.vtp'.
[2023-03-16 00:05:17.592] [warning] Couldn't find file 'thumb_distal_lvs.vtp'.
[2023-03-17 00:15:55.081] [info] Loaded model 3DGaitModelwithSimpleArms from file C:\Users\ney\Desktop\SchoolWork\fyp\predsim_tutorial\OpenSimModel\Hamner_modified\Model\Hamner_modified.osim
[2023-03-17 00:15:57.442] [info] Loaded model 3DGaitModelwithSimpleArms from file C:\Users\ney\Desktop\SchoolWork\fyp\predsim_tutorial\OpenSimModel\Hamner_modified\Model\Hamner_modified.osim
[2023-03-19 00:50:43.166] [info] Loaded model new_model_noMTP_scaled_FK-scaled from file C:\Users\ney\Desktop\SchoolWork\fyp\predsim_tutorial\OpenSimModel\Hamner_modified_w_markers_w15_44\Model\Hamner_modified_w_markers_w15_44.osim
[2023-03-19 00:50:43.169] [warning] Couldn't find file 'sacrum.vtp'.
[2023-03-19 00:50:43.169] [warning] Couldn't find file 'pelvis.vtp'.
[2023-03-19 00:50:43.169] [warning] Couldn't find file 'l_pelvis.vtp'.
[2023-03-19 00:50:43.170] [warning] Couldn't find file 'femur_r.vtp'.
[2023-03-19 00:50:43.170] [warning] Couldn't find file 'tibia_r.vtp'.
[2023-03-19 00:50:43.170] [warning] Couldn't find file 'fibula_r.vtp'.
[2023-03-19 00:50:43.171] [warning] Couldn't find file 'talus_rv.vtp'.
[2023-03-19 00:50:43.171] [warning] Couldn't find file 'foot.vtp'.
[2023-03-19 00:50:43.171] [warning] Couldn't find file 'bofoot.vtp'.
[2023-03-19 00:50:43.172] [warning] Couldn't find file 'femur_l.vtp'.
[2023-03-19 00:50:43.172] [warning] Couldn't find file 'tibia_l.vtp'.
[2023-03-19 00:50:43.172] [warning] Couldn't find file 'fibula_l.vtp'.
[2023-03-19 00:50:43.173] [warning] Couldn't find file 'talus_lv.vtp'.
[2023-03-19 00:50:43.173] [warning] Couldn't find file 'l_foot.vtp'.
[2023-03-19 00:50:43.173] [warning] Couldn't find file 'l_bofoot.vtp'.
[2023-03-19 00:50:43.173] [warning] Couldn't find file 'hat_spine.vtp'.
[2023-03-19 00:50:43.174] [warning] Couldn't find file 'hat_jaw.vtp'.
[2023-03-19 00:50:43.174] [warning] Couldn't find file 'hat_skull.vtp'.
[2023-03-19 00:50:43.174] [warning] Couldn't find file 'hat_ribs_scap.vtp'.
[2023-03-19 00:50:43.175] [warning] Couldn't find file 'humerus_rv.vtp'.
[2023-03-19 00:50:43.175] [warning] Couldn't find file 'ulna_rv.vtp'.
[2023-03-19 00:50:43.175] [warning] Couldn't find file 'radius_rv.vtp'.
[2023-03-19 00:50:43.176] [warning] Couldn't find file 'pisiform_rvs.vtp'.
[2023-03-19 00:50:43.176] [warning] Couldn't find file 'lunate_rvs.vtp'.
[2023-03-19 00:50:43.176] [warning] Couldn't find file 'scaphoid_rvs.vtp'.
[2023-03-19 00:50:43.177] [warning] Couldn't find file 'triquetrum_rvs.vtp'.
[2023-03-19 00:50:43.177] [warning] Couldn't find file 'hamate_rvs.vtp'.
[2023-03-19 00:50:43.177] [warning] Couldn't find file 'capitate_rvs.vtp'.
[2023-03-19 00:50:43.178] [warning] Couldn't find file 'trapezoid_rvs.vtp'.
[2023-03-19 00:50:43.178] [warning] Couldn't find file 'trapezium_rvs.vtp'.
[2023-03-19 00:50:43.178] [warning] Couldn't find file 'metacarpal2_rvs.vtp'.
[2023-03-19 00:50:43.179] [warning] Couldn't find file 'index_proximal_rvs.vtp'.
[2023-03-19 00:50:43.179] [warning] Couldn't find file 'index_medial_rvs.vtp'.
[2023-03-19 00:50:43.179] [warning] Couldn't find file 'index_distal_rvs.vtp'.
[2023-03-19 00:50:43.180] [warning] Couldn't find file 'metacarpal3_rvs.vtp'.
[2023-03-19 00:50:43.180] [warning] Couldn't find file 'middle_proximal_rvs.vtp'.
[2023-03-19 00:50:43.181] [warning] Couldn't find file 'middle_medial_rvs.vtp'.
[2023-03-19 00:50:43.181] [warning] Couldn't find file 'middle_distal_rvs.vtp'.
[2023-03-19 00:50:43.181] [warning] Couldn't find file 'metacarpal4_rvs.vtp'.
[2023-03-19 00:50:43.182] [warning] Couldn't find file 'ring_proximal_rvs.vtp'.
[2023-03-19 00:50:43.182] [warning] Couldn't find file 'ring_medial_rvs.vtp'.
[2023-03-19 00:50:43.183] [warning] Couldn't find file 'ring_distal_rvs.vtp'.
[2023-03-19 00:50:43.183] [warning] Couldn't find file 'metacarpal5_rvs.vtp'.
[2023-03-19 00:50:43.184] [warning] Couldn't find file 'little_proximal_rvs.vtp'.
[2023-03-19 00:50:43.185] [warning] Couldn't find file 'little_medial_rvs.vtp'.
[2023-03-19 00:50:43.185] [warning] Couldn't find file 'little_distal_rvs.vtp'.
[2023-03-19 00:50:43.186] [warning] Couldn't find file 'metacarpal1_rvs.vtp'.
[2023-03-19 00:50:43.186] [warning] Couldn't find file 'thumb_proximal_rvs.vtp'.
[2023-03-19 00:50:43.187] [warning] Couldn't find file 'thumb_distal_rvs.vtp'.
[2023-03-19 00:50:43.187] [warning] Couldn't find file 'humerus_lv.vtp'.
[2023-03-19 00:50:43.188] [warning] Couldn't find file 'ulna_lv.vtp'.
[2023-03-19 00:50:43.188] [warning] Couldn't find file 'radius_lv.vtp'.
[2023-03-19 00:50:43.188] [warning] Couldn't find file 'pisiform_lvs.vtp'.
[2023-03-19 00:50:43.189] [warning] Couldn't find file 'lunate_lvs.vtp'.
[2023-03-19 00:50:43.189] [warning] Couldn't find file 'scaphoid_lvs.vtp'.
[2023-03-19 00:50:43.189] [warning] Couldn't find file 'triquetrum_lvs.vtp'.
[2023-03-19 00:50:43.189] [warning] Couldn't find file 'hamate_lvs.vtp'.
[2023-03-19 00:50:43.190] [warning] Couldn't find file 'capitate_lvs.vtp'.
[2023-03-19 00:50:43.190] [warning] Couldn't find file 'trapezoid_lvs.vtp'.
[2023-03-19 00:50:43.190] [warning] Couldn't find file 'trapezium_lvs.vtp'.
[2023-03-19 00:50:43.191] [warning] Couldn't find file 'metacarpal2_lvs.vtp'.
[2023-03-19 00:50:43.191] [warning] Couldn't find file 'index_proximal_lvs.vtp'.
[2023-03-19 00:50:43.191] [warning] Couldn't find file 'index_medial_lvs.vtp'.
[2023-03-19 00:50:43.191] [warning] Couldn't find file 'index_distal_lvs.vtp'.
[2023-03-19 00:50:43.192] [warning] Couldn't find file 'metacarpal3_lvs.vtp'.
[2023-03-19 00:50:43.192] [warning] Couldn't find file 'middle_proximal_lvs.vtp'.
[2023-03-19 00:50:43.192] [warning] Couldn't find file 'middle_medial_lvs.vtp'.
[2023-03-19 00:50:43.192] [warning] Couldn't find file 'middle_distal_lvs.vtp'.
[2023-03-19 00:50:43.193] [warning] Couldn't find file 'metacarpal4_lvs.vtp'.
[2023-03-19 00:50:43.193] [warning] Couldn't find file 'ring_proximal_lvs.vtp'.
[2023-03-19 00:50:43.194] [warning] Couldn't find file 'ring_medial_lvs.vtp'.
[2023-03-19 00:50:43.194] [warning] Couldn't find file 'ring_distal_lvs.vtp'.
[2023-03-19 00:50:43.194] [warning] Couldn't find file 'metacarpal5_lvs.vtp'.
[2023-03-19 00:50:43.195] [warning] Couldn't find file 'little_proximal_lvs.vtp'.
[2023-03-19 00:50:43.195] [warning] Couldn't find file 'little_medial_lvs.vtp'.
[2023-03-19 00:50:43.195] [warning] Couldn't find file 'little_distal_lvs.vtp'.
[2023-03-19 00:50:43.195] [warning] Couldn't find file 'metacarpal1_lvs.vtp'.
[2023-03-19 00:50:43.195] [warning] Couldn't find file 'thumb_proximal_lvs.vtp'.
[2023-03-19 00:50:43.196] [warning] Couldn't find file 'thumb_distal_lvs.vtp'.
[2023-03-19 00:50:43.283] [info] Loaded model new_model_noMTP_scaled_FK-scaled from file C:\Users\ney\Desktop\SchoolWork\fyp\predsim_tutorial\OpenSimModel\Hamner_modified_w_markers_w15_44\Model\Hamner_modified_w_markers_w15_44.osim
[2023-03-19 00:50:43.285] [warning] Couldn't find file 'sacrum.vtp'.
[2023-03-19 00:50:43.286] [warning] Couldn't find file 'pelvis.vtp'.
[2023-03-19 00:50:43.286] [warning] Couldn't find file 'l_pelvis.vtp'.
[2023-03-19 00:50:43.287] [warning] Couldn't find file 'femur_r.vtp'.
[2023-03-19 00:50:43.288] [warning] Couldn't find file 'tibia_r.vtp'.
[2023-03-19 00:50:43.288] [warning] Couldn't find file 'fibula_r.vtp'.
[2023-03-19 00:50:43.289] [warning] Couldn't find file 'talus_rv.vtp'.
[2023-03-19 00:50:43.289] [warning] Couldn't find file 'foot.vtp'.
[2023-03-19 00:50:43.290] [warning] Couldn't find file 'bofoot.vtp'.
[2023-03-19 00:50:43.290] [warning] Couldn't find file 'femur_l.vtp'.
[2023-03-19 00:50:43.290] [warning] Couldn't find file 'tibia_l.vtp'.
[2023-03-19 00:50:43.291] [warning] Couldn't find file 'fibula_l.vtp'.
[2023-03-19 00:50:43.291] [warning] Couldn't find file 'talus_lv.vtp'.
[2023-03-19 00:50:43.292] [warning] Couldn't find file 'l_foot.vtp'.
[2023-03-19 00:50:43.292] [warning] Couldn't find file 'l_bofoot.vtp'.
[2023-03-19 00:50:43.292] [warning] Couldn't find file 'hat_spine.vtp'.
[2023-03-19 00:50:43.293] [warning] Couldn't find file 'hat_jaw.vtp'.
[2023-03-19 00:50:43.293] [warning] Couldn't find file 'hat_skull.vtp'.
[2023-03-19 00:50:43.294] [warning] Couldn't find file 'hat_ribs_scap.vtp'.
[2023-03-19 00:50:43.294] [warning] Couldn't find file 'humerus_rv.vtp'.
[2023-03-19 00:50:43.294] [warning] Couldn't find file 'ulna_rv.vtp'.
[2023-03-19 00:50:43.295] [warning] Couldn't find file 'radius_rv.vtp'.
[2023-03-19 00:50:43.295] [warning] Couldn't find file 'pisiform_rvs.vtp'.
[2023-03-19 00:50:43.295] [warning] Couldn't find file 'lunate_rvs.vtp'.
[2023-03-19 00:50:43.296] [warning] Couldn't find file 'scaphoid_rvs.vtp'.
[2023-03-19 00:50:43.296] [warning] Couldn't find file 'triquetrum_rvs.vtp'.
[2023-03-19 00:50:43.296] [warning] Couldn't find file 'hamate_rvs.vtp'.
[2023-03-19 00:50:43.297] [warning] Couldn't find file 'capitate_rvs.vtp'.
[2023-03-19 00:50:43.297] [warning] Couldn't find file 'trapezoid_rvs.vtp'.
[2023-03-19 00:50:43.297] [warning] Couldn't find file 'trapezium_rvs.vtp'.
[2023-03-19 00:50:43.298] [warning] Couldn't find file 'metacarpal2_rvs.vtp'.
[2023-03-19 00:50:43.298] [warning] Couldn't find file 'index_proximal_rvs.vtp'.
[2023-03-19 00:50:43.298] [warning] Couldn't find file 'index_medial_rvs.vtp'.
[2023-03-19 00:50:43.299] [warning] Couldn't find file 'index_distal_rvs.vtp'.
[2023-03-19 00:50:43.299] [warning] Couldn't find file 'metacarpal3_rvs.vtp'.
[2023-03-19 00:50:43.299] [warning] Couldn't find file 'middle_proximal_rvs.vtp'.
[2023-03-19 00:50:43.299] [warning] Couldn't find file 'middle_medial_rvs.vtp'.
[2023-03-19 00:50:43.300] [warning] Couldn't find file 'middle_distal_rvs.vtp'.
[2023-03-19 00:50:43.300] [warning] Couldn't find file 'metacarpal4_rvs.vtp'.
[2023-03-19 00:50:43.301] [warning] Couldn't find file 'ring_proximal_rvs.vtp'.
[2023-03-19 00:50:43.301] [warning] Couldn't find file 'ring_medial_rvs.vtp'.
[2023-03-19 00:50:43.301] [warning] Couldn't find file 'ring_distal_rvs.vtp'.
[2023-03-19 00:50:43.302] [warning] Couldn't find file 'metacarpal5_rvs.vtp'.
[2023-03-19 00:50:43.302] [warning] Couldn't find file 'little_proximal_rvs.vtp'.
[2023-03-19 00:50:43.303] [warning] Couldn't find file 'little_medial_rvs.vtp'.
[2023-03-19 00:50:43.303] [warning] Couldn't find file 'little_distal_rvs.vtp'.
[2023-03-19 00:50:43.303] [warning] Couldn't find file 'metacarpal1_rvs.vtp'.
[2023-03-19 00:50:43.304] [warning] Couldn't find file 'thumb_proximal_rvs.vtp'.
[2023-03-19 00:50:43.304] [warning] Couldn't find file 'thumb_distal_rvs.vtp'.
[2023-03-19 00:50:43.304] [warning] Couldn't find file 'humerus_lv.vtp'.
[2023-03-19 00:50:43.305] [warning] Couldn't find file 'ulna_lv.vtp'.
[2023-03-19 00:50:43.305] [warning] Couldn't find file 'radius_lv.vtp'.
[2023-03-19 00:50:43.305] [warning] Couldn't find file 'pisiform_lvs.vtp'.
[2023-03-19 00:50:43.306] [warning] Couldn't find file 'lunate_lvs.vtp'.
[2023-03-19 00:50:43.306] [warning] Couldn't find file 'scaphoid_lvs.vtp'.
[2023-03-19 00:50:43.306] [warning] Couldn't find file 'triquetrum_lvs.vtp'.
[2023-03-19 00:50:43.307] [warning] Couldn't find file 'hamate_lvs.vtp'.
[2023-03-19 00:50:43.307] [warning] Couldn't find file 'capitate_lvs.vtp'.
[2023-03-19 00:50:43.307] [warning] Couldn't find file 'trapezoid_lvs.vtp'.
[2023-03-19 00:50:43.308] [warning] Couldn't find file 'trapezium_lvs.vtp'.
[2023-03-19 00:50:43.308] [warning] Couldn't find file 'metacarpal2_lvs.vtp'.
[2023-03-19 00:50:43.309] [warning] Couldn't find file 'index_proximal_lvs.vtp'.
[2023-03-19 00:50:43.309] [warning] Couldn't find file 'index_medial_lvs.vtp'.
[2023-03-19 00:50:43.310] [warning] Couldn't find file 'index_distal_lvs.vtp'.
[2023-03-19 00:50:43.310] [warning] Couldn't find file 'metacarpal3_lvs.vtp'.
[2023-03-19 00:50:43.311] [warning] Couldn't find file 'middle_proximal_lvs.vtp'.
[2023-03-19 00:50:43.312] [warning] Couldn't find file 'middle_medial_lvs.vtp'.
[2023-03-19 00:50:43.312] [warning] Couldn't find file 'middle_distal_lvs.vtp'.
[2023-03-19 00:50:43.313] [warning] Couldn't find file 'metacarpal4_lvs.vtp'.
[2023-03-19 00:50:43.313] [warning] Couldn't find file 'ring_proximal_lvs.vtp'.
[2023-03-19 00:50:43.314] [warning] Couldn't find file 'ring_medial_lvs.vtp'.
[2023-03-19 00:50:43.314] [warning] Couldn't find file 'ring_distal_lvs.vtp'.
[2023-03-19 00:50:43.315] [warning] Couldn't find file 'metacarpal5_lvs.vtp'.
[2023-03-19 00:50:43.315] [warning] Couldn't find file 'little_proximal_lvs.vtp'.
[2023-03-19 00:50:43.315] [warning] Couldn't find file 'little_medial_lvs.vtp'.
[2023-03-19 00:50:43.316] [warning] Couldn't find file 'little_distal_lvs.vtp'.
[2023-03-19 00:50:43.317] [warning] Couldn't find file 'metacarpal1_lvs.vtp'.
[2023-03-19 00:50:43.317] [warning] Couldn't find file 'thumb_proximal_lvs.vtp'.
[2023-03-19 00:50:43.318] [warning] Couldn't find file 'thumb_distal_lvs.vtp'.
[2023-03-19 00:51:49.410] [info] Loaded model new_model_noMTP_scaled_FK-scaled from file C:\Users\ney\Desktop\SchoolWork\fyp\predsim_tutorial\OpenSimModel\Hamner_modified_w_markers_w15_44\Model\Hamner_modified_w_markers_w15_44.osim
[2023-03-19 01:23:32.700] [info] Loaded model new_model_noMTP_scaled_FK-scaled from file C:\Users\ney\Desktop\SchoolWork\fyp\predsim_tutorial\OpenSimModel\Hamner_modified_w_markers_w15_44\Model\Hamner_modified_w_markers_w15_44.osim
[2023-03-19 01:23:32.833] [info] Loaded model new_model_noMTP_scaled_FK-scaled from file C:\Users\ney\Desktop\SchoolWork\fyp\predsim_tutorial\OpenSimModel\Hamner_modified_w_markers_w15_44\Model\Hamner_modified_w_markers_w15_44.osim
[2023-03-19 02:02:54.404] [info] Loaded model new_model_noMTP_scaled_FK-scaled from file C:\Users\ney\Desktop\SchoolWork\fyp\predsim_tutorial\OpenSimModel\Hamner_modified_w_markers_w15_44\Model\Hamner_modified_w_markers_w15_44.osim
[2023-03-19 02:02:54.488] [info] Loaded model new_model_noMTP_scaled_FK-scaled from file C:\Users\ney\Desktop\SchoolWork\fyp\predsim_tutorial\OpenSimModel\Hamner_modified_w_markers_w15_44\Model\Hamner_modified_w_markers_w15_44.osim
[2023-03-19 13:50:11.658] [info] Loaded model new_model_noMTP_scaled_FK-scaled from file C:\Users\ney\Desktop\SchoolWork\fyp\predsim_tutorial\OpenSimModel\Hamner_modified_w_markers_w15_44\Model\Hamner_modified_w_markers_w15_44.osim
[2023-03-19 13:50:13.010] [info] Loaded model new_model_noMTP_scaled_FK-scaled from file C:\Users\ney\Desktop\SchoolWork\fyp\predsim_tutorial\OpenSimModel\Hamner_modified_w_markers_w15_44\Model\Hamner_modified_w_markers_w15_44.osim
[2023-03-19 18:41:09.032] [info] Loaded model new_model_noMTP_scaled_FK-scaled from file C:\Users\ney\Desktop\SchoolWork\fyp\predsim_tutorial\OpenSimModel\Hamner_modified_w_markers_w15_44\Model\Hamner_modified_w_markers_w15_44.osim
[2023-03-19 18:41:09.701] [info] Loaded model new_model_noMTP_scaled_FK-scaled from file C:\Users\ney\Desktop\SchoolWork\fyp\predsim_tutorial\OpenSimModel\Hamner_modified_w_markers_w15_44\Model\Hamner_modified_w_markers_w15_44.osim
[2023-04-18 00:06:55.729] [info] Loaded model 3DGaitModelwithSimpleArms from file OpenSimModel/Generic/Hamner_modified.osim
[2023-04-18 00:06:55.733] [warning] Couldn't find file 'sacrum.vtp'.
[2023-04-18 00:06:55.733] [warning] Couldn't find file 'pelvis.vtp'.
[2023-04-18 00:06:55.733] [warning] Couldn't find file 'l_pelvis.vtp'.
[2023-04-18 00:06:55.734] [warning] Couldn't find file 'femur_r.vtp'.
[2023-04-18 00:06:55.734] [warning] Couldn't find file 'tibia_r.vtp'.
[2023-04-18 00:06:55.735] [warning] Couldn't find file 'fibula_r.vtp'.
[2023-04-18 00:06:55.735] [warning] Couldn't find file 'talus_rv.vtp'.
[2023-04-18 00:06:55.735] [warning] Couldn't find file 'foot.vtp'.
[2023-04-18 00:06:55.735] [warning] Couldn't find file 'bofoot.vtp'.
[2023-04-18 00:06:55.736] [warning] Couldn't find file 'femur_l.vtp'.
[2023-04-18 00:06:55.736] [warning] Couldn't find file 'tibia_l.vtp'.
[2023-04-18 00:06:55.736] [warning] Couldn't find file 'fibula_l.vtp'.
[2023-04-18 00:06:55.737] [warning] Couldn't find file 'talus_lv.vtp'.
[2023-04-18 00:06:55.737] [warning] Couldn't find file 'l_foot.vtp'.
[2023-04-18 00:06:55.737] [warning] Couldn't find file 'l_bofoot.vtp'.
[2023-04-18 00:06:55.738] [warning] Couldn't find file 'hat_spine.vtp'.
[2023-04-18 00:06:55.738] [warning] Couldn't find file 'hat_jaw.vtp'.
[2023-04-18 00:06:55.738] [warning] Couldn't find file 'hat_skull.vtp'.
[2023-04-18 00:06:55.739] [warning] Couldn't find file 'hat_ribs_scap.vtp'.
[2023-04-18 00:06:55.739] [warning] Couldn't find file 'humerus_rv.vtp'.
[2023-04-18 00:06:55.739] [warning] Couldn't find file 'ulna_rv.vtp'.
[2023-04-18 00:06:55.740] [warning] Couldn't find file 'radius_rv.vtp'.
[2023-04-18 00:06:55.740] [warning] Couldn't find file 'pisiform_rvs.vtp'.
[2023-04-18 00:06:55.740] [warning] Couldn't find file 'lunate_rvs.vtp'.
[2023-04-18 00:06:55.741] [warning] Couldn't find file 'scaphoid_rvs.vtp'.
[2023-04-18 00:06:55.741] [warning] Couldn't find file 'triquetrum_rvs.vtp'.
[2023-04-18 00:06:55.741] [warning] Couldn't find file 'hamate_rvs.vtp'.
[2023-04-18 00:06:55.742] [warning] Couldn't find file 'capitate_rvs.vtp'.
[2023-04-18 00:06:55.742] [warning] Couldn't find file 'trapezoid_rvs.vtp'.
[2023-04-18 00:06:55.742] [warning] Couldn't find file 'trapezium_rvs.vtp'.
[2023-04-18 00:06:55.743] [warning] Couldn't find file 'metacarpal2_rvs.vtp'.
[2023-04-18 00:06:55.743] [warning] Couldn't find file 'index_proximal_rvs.vtp'.
[2023-04-18 00:06:55.744] [warning] Couldn't find file 'index_medial_rvs.vtp'.
[2023-04-18 00:06:55.744] [warning] Couldn't find file 'index_distal_rvs.vtp'.
[2023-04-18 00:06:55.744] [warning] Couldn't find file 'metacarpal3_rvs.vtp'.
[2023-04-18 00:06:55.745] [warning] Couldn't find file 'middle_proximal_rvs.vtp'.
[2023-04-18 00:06:55.745] [warning] Couldn't find file 'middle_medial_rvs.vtp'.
[2023-04-18 00:06:55.745] [warning] Couldn't find file 'middle_distal_rvs.vtp'.
[2023-04-18 00:06:55.746] [warning] Couldn't find file 'metacarpal4_rvs.vtp'.
[2023-04-18 00:06:55.746] [warning] Couldn't find file 'ring_proximal_rvs.vtp'.
[2023-04-18 00:06:55.746] [warning] Couldn't find file 'ring_medial_rvs.vtp'.
[2023-04-18 00:06:55.746] [warning] Couldn't find file 'ring_distal_rvs.vtp'.
[2023-04-18 00:06:55.747] [warning] Couldn't find file 'metacarpal5_rvs.vtp'.
[2023-04-18 00:06:55.747] [warning] Couldn't find file 'little_proximal_rvs.vtp'.
[2023-04-18 00:06:55.747] [warning] Couldn't find file 'little_medial_rvs.vtp'.
[2023-04-18 00:06:55.748] [warning] Couldn't find file 'little_distal_rvs.vtp'.
[2023-04-18 00:06:55.748] [warning] Couldn't find file 'metacarpal1_rvs.vtp'.
[2023-04-18 00:06:55.748] [warning] Couldn't find file 'thumb_proximal_rvs.vtp'.
[2023-04-18 00:06:55.748] [warning] Couldn't find file 'thumb_distal_rvs.vtp'.
[2023-04-18 00:06:55.749] [warning] Couldn't find file 'humerus_lv.vtp'.
[2023-04-18 00:06:55.749] [warning] Couldn't find file 'ulna_lv.vtp'.
[2023-04-18 00:06:55.749] [warning] Couldn't find file 'radius_lv.vtp'.
[2023-04-18 00:06:55.750] [warning] Couldn't find file 'pisiform_lvs.vtp'.
[2023-04-18 00:06:55.750] [warning] Couldn't find file 'lunate_lvs.vtp'.
[2023-04-18 00:06:55.750] [warning] Couldn't find file 'scaphoid_lvs.vtp'.
[2023-04-18 00:06:55.751] [warning] Couldn't find file 'triquetrum_lvs.vtp'.
[2023-04-18 00:06:55.751] [warning] Couldn't find file 'hamate_lvs.vtp'.
[2023-04-18 00:06:55.752] [warning] Couldn't find file 'capitate_lvs.vtp'.
[2023-04-18 00:06:55.752] [warning] Couldn't find file 'trapezoid_lvs.vtp'.
[2023-04-18 00:06:55.753] [warning] Couldn't find file 'trapezium_lvs.vtp'.
[2023-04-18 00:06:55.753] [warning] Couldn't find file 'metacarpal2_lvs.vtp'.
[2023-04-18 00:06:55.753] [warning] Couldn't find file 'index_proximal_lvs.vtp'.
[2023-04-18 00:06:55.754] [warning] Couldn't find file 'index_medial_lvs.vtp'.
[2023-04-18 00:06:55.754] [warning] Couldn't find file 'index_distal_lvs.vtp'.
[2023-04-18 00:06:55.754] [warning] Couldn't find file 'metacarpal3_lvs.vtp'.
[2023-04-18 00:06:55.755] [warning] Couldn't find file 'middle_proximal_lvs.vtp'.
[2023-04-18 00:06:55.755] [warning] Couldn't find file 'middle_medial_lvs.vtp'.
[2023-04-18 00:06:55.755] [warning] Couldn't find file 'middle_distal_lvs.vtp'.
[2023-04-18 00:06:55.756] [warning] Couldn't find file 'metacarpal4_lvs.vtp'.
[2023-04-18 00:06:55.756] [warning] Couldn't find file 'ring_proximal_lvs.vtp'.
[2023-04-18 00:06:55.756] [warning] Couldn't find file 'ring_medial_lvs.vtp'.
[2023-04-18 00:06:55.757] [warning] Couldn't find file 'ring_distal_lvs.vtp'.
[2023-04-18 00:06:55.757] [warning] Couldn't find file 'metacarpal5_lvs.vtp'.
[2023-04-18 00:06:55.757] [warning] Couldn't find file 'little_proximal_lvs.vtp'.
[2023-04-18 00:06:55.758] [warning] Couldn't find file 'little_medial_lvs.vtp'.
[2023-04-18 00:06:55.759] [warning] Couldn't find file 'little_distal_lvs.vtp'.
[2023-04-18 00:06:55.759] [warning] Couldn't find file 'metacarpal1_lvs.vtp'.
[2023-04-18 00:06:55.760] [warning] Couldn't find file 'thumb_proximal_lvs.vtp'.
[2023-04-18 00:06:55.760] [warning] Couldn't find file 'thumb_distal_lvs.vtp'.
[2023-04-18 00:07:36.195] [info] Loaded model 3DGaitModelwithSimpleArms from file OpenSimModel/Generic/Hamner_modified.osim
[2023-04-18 00:15:46.492] [info] Loaded model 3DGaitModelwithSimpleArms from file OpenSimModel/Generic/Hamner_modified.osim
[2023-04-18 00:23:25.613] [info] Loaded model 3DGaitModelwithSimpleArms from file OpenSimModel/Generic/Hamner_modified.osim
[2023-04-19 17:08:37.721] [info] Loaded model 3DGaitModelwithSimpleArms-scaled from file C:\Users\ney\Desktop\SchoolWork\fyp\predsim_tutorial\OpenSimModel\Hamner_modified_scaled_height\Model\Hamner_modified_scaled_height.osim
[2023-04-19 17:08:38.598] [info] Loaded model 3DGaitModelwithSimpleArms-scaled from file C:\Users\ney\Desktop\SchoolWork\fyp\predsim_tutorial\OpenSimModel\Hamner_modified_scaled_height\Model\Hamner_modified_scaled_height.osim
[2023-05-01 23:55:54.243] [info] Loaded model model from file C:\Users\ney\Desktop\SchoolWork\fyp\predsim_tutorial\OpenSimModel\Test\Model\Test.osim
[2023-05-01 23:55:54.250] [warning] Couldn't find file 'sacrum.vtp'.
[2023-05-01 23:55:54.250] [warning] Couldn't find file 'pelvis.vtp'.
[2023-05-01 23:55:54.250] [warning] Couldn't find file 'l_pelvis.vtp'.
[2023-05-01 23:55:54.251] [warning] Couldn't find file 'femur_r.vtp'.
[2023-05-01 23:55:54.251] [warning] Couldn't find file 'tibia_r.vtp'.
[2023-05-01 23:55:54.251] [warning] Couldn't find file 'fibula_r.vtp'.
[2023-05-01 23:55:54.252] [warning] Couldn't find file 'talus_rv.vtp'.
[2023-05-01 23:55:54.252] [warning] Couldn't find file 'foot.vtp'.
[2023-05-01 23:55:54.253] [warning] Couldn't find file 'bofoot.vtp'.
[2023-05-01 23:55:54.253] [warning] Couldn't find file 'femur_l.vtp'.
[2023-05-01 23:55:54.253] [warning] Couldn't find file 'tibia_l.vtp'.
[2023-05-01 23:55:54.254] [warning] Couldn't find file 'fibula_l.vtp'.
[2023-05-01 23:55:54.254] [warning] Couldn't find file 'talus_lv.vtp'.
[2023-05-01 23:55:54.255] [warning] Couldn't find file 'l_foot.vtp'.
[2023-05-01 23:55:54.255] [warning] Couldn't find file 'l_bofoot.vtp'.
[2023-05-01 23:55:54.256] [warning] Couldn't find file 'hat_spine.vtp'.
[2023-05-01 23:55:54.256] [warning] Couldn't find file 'hat_jaw.vtp'.
[2023-05-01 23:55:54.256] [warning] Couldn't find file 'hat_skull.vtp'.
[2023-05-01 23:55:54.257] [warning] Couldn't find file 'hat_ribs_scap.vtp'.
[2023-05-01 23:55:54.257] [warning] Couldn't find file 'humerus_rv.vtp'.
[2023-05-01 23:55:54.257] [warning] Couldn't find file 'ulna_rv.vtp'.
[2023-05-01 23:55:54.258] [warning] Couldn't find file 'radius_rv.vtp'.
[2023-05-01 23:55:54.258] [warning] Couldn't find file 'pisiform_rvs.vtp'.
[2023-05-01 23:55:54.258] [warning] Couldn't find file 'lunate_rvs.vtp'.
[2023-05-01 23:55:54.259] [warning] Couldn't find file 'scaphoid_rvs.vtp'.
[2023-05-01 23:55:54.259] [warning] Couldn't find file 'triquetrum_rvs.vtp'.
[2023-05-01 23:55:54.259] [warning] Couldn't find file 'hamate_rvs.vtp'.
[2023-05-01 23:55:54.260] [warning] Couldn't find file 'capitate_rvs.vtp'.
[2023-05-01 23:55:54.260] [warning] Couldn't find file 'trapezoid_rvs.vtp'.
[2023-05-01 23:55:54.261] [warning] Couldn't find file 'trapezium_rvs.vtp'.
[2023-05-01 23:55:54.261] [warning] Couldn't find file 'metacarpal2_rvs.vtp'.
[2023-05-01 23:55:54.261] [warning] Couldn't find file 'index_proximal_rvs.vtp'.
[2023-05-01 23:55:54.262] [warning] Couldn't find file 'index_medial_rvs.vtp'.
[2023-05-01 23:55:54.262] [warning] Couldn't find file 'index_distal_rvs.vtp'.
[2023-05-01 23:55:54.262] [warning] Couldn't find file 'metacarpal3_rvs.vtp'.
[2023-05-01 23:55:54.263] [warning] Couldn't find file 'middle_proximal_rvs.vtp'.
[2023-05-01 23:55:54.263] [warning] Couldn't find file 'middle_medial_rvs.vtp'.
[2023-05-01 23:55:54.263] [warning] Couldn't find file 'middle_distal_rvs.vtp'.
[2023-05-01 23:55:54.263] [warning] Couldn't find file 'metacarpal4_rvs.vtp'.
[2023-05-01 23:55:54.264] [warning] Couldn't find file 'ring_proximal_rvs.vtp'.
[2023-05-01 23:55:54.264] [warning] Couldn't find file 'ring_medial_rvs.vtp'.
[2023-05-01 23:55:54.264] [warning] Couldn't find file 'ring_distal_rvs.vtp'.
[2023-05-01 23:55:54.264] [warning] Couldn't find file 'metacarpal5_rvs.vtp'.
[2023-05-01 23:55:54.265] [warning] Couldn't find file 'little_proximal_rvs.vtp'.
[2023-05-01 23:55:54.265] [warning] Couldn't find file 'little_medial_rvs.vtp'.
[2023-05-01 23:55:54.265] [warning] Couldn't find file 'little_distal_rvs.vtp'.
[2023-05-01 23:55:54.266] [warning] Couldn't find file 'metacarpal1_rvs.vtp'.
[2023-05-01 23:55:54.266] [warning] Couldn't find file 'thumb_proximal_rvs.vtp'.
[2023-05-01 23:55:54.266] [warning] Couldn't find file 'thumb_distal_rvs.vtp'.
[2023-05-01 23:55:54.267] [warning] Couldn't find file 'humerus_lv.vtp'.
[2023-05-01 23:55:54.267] [warning] Couldn't find file 'ulna_lv.vtp'.
[2023-05-01 23:55:54.267] [warning] Couldn't find file 'radius_lv.vtp'.
[2023-05-01 23:55:54.268] [warning] Couldn't find file 'pisiform_lvs.vtp'.
[2023-05-01 23:55:54.268] [warning] Couldn't find file 'lunate_lvs.vtp'.
[2023-05-01 23:55:54.269] [warning] Couldn't find file 'scaphoid_lvs.vtp'.
[2023-05-01 23:55:54.269] [warning] Couldn't find file 'triquetrum_lvs.vtp'.
[2023-05-01 23:55:54.269] [warning] Couldn't find file 'hamate_lvs.vtp'.
[2023-05-01 23:55:54.270] [warning] Couldn't find file 'capitate_lvs.vtp'.
[2023-05-01 23:55:54.270] [warning] Couldn't find file 'trapezoid_lvs.vtp'.
[2023-05-01 23:55:54.271] [warning] Couldn't find file 'trapezium_lvs.vtp'.
[2023-05-01 23:55:54.271] [warning] Couldn't find file 'metacarpal2_lvs.vtp'.
[2023-05-01 23:55:54.272] [warning] Couldn't find file 'index_proximal_lvs.vtp'.
[2023-05-01 23:55:54.272] [warning] Couldn't find file 'index_medial_lvs.vtp'.
[2023-05-01 23:55:54.273] [warning] Couldn't find file 'index_distal_lvs.vtp'.
[2023-05-01 23:55:54.273] [warning] Couldn't find file 'metacarpal3_lvs.vtp'.
[2023-05-01 23:55:54.274] [warning] Couldn't find file 'middle_proximal_lvs.vtp'.
[2023-05-01 23:55:54.274] [warning] Couldn't find file 'middle_medial_lvs.vtp'.
[2023-05-01 23:55:54.275] [warning] Couldn't find file 'middle_distal_lvs.vtp'.
[2023-05-01 23:55:54.275] [warning] Couldn't find file 'metacarpal4_lvs.vtp'.
[2023-05-01 23:55:54.276] [warning] Couldn't find file 'ring_proximal_lvs.vtp'.
[2023-05-01 23:55:54.276] [warning] Couldn't find file 'ring_medial_lvs.vtp'.
[2023-05-01 23:55:54.276] [warning] Couldn't find file 'ring_distal_lvs.vtp'.
[2023-05-01 23:55:54.277] [warning] Couldn't find file 'metacarpal5_lvs.vtp'.
[2023-05-01 23:55:54.277] [warning] Couldn't find file 'little_proximal_lvs.vtp'.
[2023-05-01 23:55:54.278] [warning] Couldn't find file 'little_medial_lvs.vtp'.
[2023-05-01 23:55:54.278] [warning] Couldn't find file 'little_distal_lvs.vtp'.
[2023-05-01 23:55:54.279] [warning] Couldn't find file 'metacarpal1_lvs.vtp'.
[2023-05-01 23:55:54.279] [warning] Couldn't find file 'thumb_proximal_lvs.vtp'.
[2023-05-01 23:55:54.280] [warning] Couldn't find file 'thumb_distal_lvs.vtp'.
[2023-05-01 23:55:54.367] [info] Loaded model model from file C:\Users\ney\Desktop\SchoolWork\fyp\predsim_tutorial\OpenSimModel\Test\Model\Test.osim
[2023-05-01 23:55:54.369] [warning] Couldn't find file 'sacrum.vtp'.
[2023-05-01 23:55:54.369] [warning] Couldn't find file 'pelvis.vtp'.
[2023-05-01 23:55:54.369] [warning] Couldn't find file 'l_pelvis.vtp'.
[2023-05-01 23:55:54.370] [warning] Couldn't find file 'femur_r.vtp'.
[2023-05-01 23:55:54.370] [warning] Couldn't find file 'tibia_r.vtp'.
[2023-05-01 23:55:54.370] [warning] Couldn't find file 'fibula_r.vtp'.
[2023-05-01 23:55:54.371] [warning] Couldn't find file 'talus_rv.vtp'.
[2023-05-01 23:55:54.371] [warning] Couldn't find file 'foot.vtp'.
[2023-05-01 23:55:54.372] [warning] Couldn't find file 'bofoot.vtp'.
[2023-05-01 23:55:54.372] [warning] Couldn't find file 'femur_l.vtp'.
[2023-05-01 23:55:54.372] [warning] Couldn't find file 'tibia_l.vtp'.
[2023-05-01 23:55:54.373] [warning] Couldn't find file 'fibula_l.vtp'.
[2023-05-01 23:55:54.373] [warning] Couldn't find file 'talus_lv.vtp'.
[2023-05-01 23:55:54.373] [warning] Couldn't find file 'l_foot.vtp'.
[2023-05-01 23:55:54.374] [warning] Couldn't find file 'l_bofoot.vtp'.
[2023-05-01 23:55:54.374] [warning] Couldn't find file 'hat_spine.vtp'.
[2023-05-01 23:55:54.374] [warning] Couldn't find file 'hat_jaw.vtp'.
[2023-05-01 23:55:54.375] [warning] Couldn't find file 'hat_skull.vtp'.
[2023-05-01 23:55:54.375] [warning] Couldn't find file 'hat_ribs_scap.vtp'.
[2023-05-01 23:55:54.376] [warning] Couldn't find file 'humerus_rv.vtp'.
[2023-05-01 23:55:54.376] [warning] Couldn't find file 'ulna_rv.vtp'.
[2023-05-01 23:55:54.377] [warning] Couldn't find file 'radius_rv.vtp'.
[2023-05-01 23:55:54.377] [warning] Couldn't find file 'pisiform_rvs.vtp'.
[2023-05-01 23:55:54.377] [warning] Couldn't find file 'lunate_rvs.vtp'.
[2023-05-01 23:55:54.378] [warning] Couldn't find file 'scaphoid_rvs.vtp'.
[2023-05-01 23:55:54.378] [warning] Couldn't find file 'triquetrum_rvs.vtp'.
[2023-05-01 23:55:54.378] [warning] Couldn't find file 'hamate_rvs.vtp'.
[2023-05-01 23:55:54.378] [warning] Couldn't find file 'capitate_rvs.vtp'.
[2023-05-01 23:55:54.379] [warning] Couldn't find file 'trapezoid_rvs.vtp'.
[2023-05-01 23:55:54.379] [warning] Couldn't find file 'trapezium_rvs.vtp'.
[2023-05-01 23:55:54.379] [warning] Couldn't find file 'metacarpal2_rvs.vtp'.
[2023-05-01 23:55:54.380] [warning] Couldn't find file 'index_proximal_rvs.vtp'.
[2023-05-01 23:55:54.380] [warning] Couldn't find file 'index_medial_rvs.vtp'.
[2023-05-01 23:55:54.380] [warning] Couldn't find file 'index_distal_rvs.vtp'.
[2023-05-01 23:55:54.381] [warning] Couldn't find file 'metacarpal3_rvs.vtp'.
[2023-05-01 23:55:54.381] [warning] Couldn't find file 'middle_proximal_rvs.vtp'.
[2023-05-01 23:55:54.381] [warning] Couldn't find file 'middle_medial_rvs.vtp'.
[2023-05-01 23:55:54.382] [warning] Couldn't find file 'middle_distal_rvs.vtp'.
[2023-05-01 23:55:54.382] [warning] Couldn't find file 'metacarpal4_rvs.vtp'.
[2023-05-01 23:55:54.383] [warning] Couldn't find file 'ring_proximal_rvs.vtp'.
[2023-05-01 23:55:54.383] [warning] Couldn't find file 'ring_medial_rvs.vtp'.
[2023-05-01 23:55:54.383] [warning] Couldn't find file 'ring_distal_rvs.vtp'.
[2023-05-01 23:55:54.384] [warning] Couldn't find file 'metacarpal5_rvs.vtp'.
[2023-05-01 23:55:54.384] [warning] Couldn't find file 'little_proximal_rvs.vtp'.
[2023-05-01 23:55:54.385] [warning] Couldn't find file 'little_medial_rvs.vtp'.
[2023-05-01 23:55:54.385] [warning] Couldn't find file 'little_distal_rvs.vtp'.
[2023-05-01 23:55:54.386] [warning] Couldn't find file 'metacarpal1_rvs.vtp'.
[2023-05-01 23:55:54.386] [warning] Couldn't find file 'thumb_proximal_rvs.vtp'.
[2023-05-01 23:55:54.386] [warning] Couldn't find file 'thumb_distal_rvs.vtp'.
[2023-05-01 23:55:54.387] [warning] Couldn't find file 'humerus_lv.vtp'.
[2023-05-01 23:55:54.387] [warning] Couldn't find file 'ulna_lv.vtp'.
[2023-05-01 23:55:54.387] [warning] Couldn't find file 'radius_lv.vtp'.
[2023-05-01 23:55:54.387] [warning] Couldn't find file 'pisiform_lvs.vtp'.
[2023-05-01 23:55:54.388] [warning] Couldn't find file 'lunate_lvs.vtp'.
[2023-05-01 23:55:54.388] [warning] Couldn't find file 'scaphoid_lvs.vtp'.
[2023-05-01 23:55:54.389] [warning] Couldn't find file 'triquetrum_lvs.vtp'.
[2023-05-01 23:55:54.389] [warning] Couldn't find file 'hamate_lvs.vtp'.
[2023-05-01 23:55:54.389] [warning] Couldn't find file 'capitate_lvs.vtp'.
[2023-05-01 23:55:54.389] [warning] Couldn't find file 'trapezoid_lvs.vtp'.
[2023-05-01 23:55:54.390] [warning] Couldn't find file 'trapezium_lvs.vtp'.
[2023-05-01 23:55:54.390] [warning] Couldn't find file 'metacarpal2_lvs.vtp'.
[2023-05-01 23:55:54.390] [warning] Couldn't find file 'index_proximal_lvs.vtp'.
[2023-05-01 23:55:54.390] [warning] Couldn't find file 'index_medial_lvs.vtp'.
[2023-05-01 23:55:54.391] [warning] Couldn't find file 'index_distal_lvs.vtp'.
[2023-05-01 23:55:54.391] [warning] Couldn't find file 'metacarpal3_lvs.vtp'.
[2023-05-01 23:55:54.391] [warning] Couldn't find file 'middle_proximal_lvs.vtp'.
[2023-05-01 23:55:54.392] [warning] Couldn't find file 'middle_medial_lvs.vtp'.
[2023-05-01 23:55:54.392] [warning] Couldn't find file 'middle_distal_lvs.vtp'.
[2023-05-01 23:55:54.392] [warning] Couldn't find file 'metacarpal4_lvs.vtp'.
[2023-05-01 23:55:54.393] [warning] Couldn't find file 'ring_proximal_lvs.vtp'.
[2023-05-01 23:55:54.393] [warning] Couldn't find file 'ring_medial_lvs.vtp'.
[2023-05-01 23:55:54.394] [warning] Couldn't find file 'ring_distal_lvs.vtp'.
[2023-05-01 23:55:54.395] [warning] Couldn't find file 'metacarpal5_lvs.vtp'.
[2023-05-01 23:55:54.395] [warning] Couldn't find file 'little_proximal_lvs.vtp'.
[2023-05-01 23:55:54.396] [warning] Couldn't find file 'little_medial_lvs.vtp'.
[2023-05-01 23:55:54.396] [warning] Couldn't find file 'little_distal_lvs.vtp'.
[2023-05-01 23:55:54.397] [warning] Couldn't find file 'metacarpal1_lvs.vtp'.
[2023-05-01 23:55:54.397] [warning] Couldn't find file 'thumb_proximal_lvs.vtp'.
[2023-05-01 23:55:54.398] [warning] Couldn't find file 'thumb_distal_lvs.vtp'.
[2023-05-02 16:34:07.255] [info] Loaded model model from file C:\Users\clow0011\Desktop\fyp\predsim_tutorial\OpenSimModel\c1\Model\c1.osim
[2023-05-02 16:34:07.314] [info] Loaded model model from file C:\Users\clow0011\Desktop\fyp\predsim_tutorial\OpenSimModel\c1\Model\c1.osim
[2023-05-02 16:35:11.977] [info] Loaded model model from file C:\Users\clow0011\Desktop\fyp\predsim_tutorial\OpenSimModel\c7\Model\c7.osim
[2023-05-02 16:35:12.162] [info] Loaded model model from file C:\Users\clow0011\Desktop\fyp\predsim_tutorial\OpenSimModel\c7\Model\c7.osim
[2023-05-02 16:51:50.876] [info] Loaded model model from file C:\Users\clow0011\Desktop\fyp\predsim_tutorial\OpenSimModel\c1\Model\c1.osim
[2023-05-02 16:51:50.936] [info] Loaded model model from file C:\Users\clow0011\Desktop\fyp\predsim_tutorial\OpenSimModel\c1\Model\c1.osim
[2023-05-02 16:59:55.485] [info] Loaded model model from file C:\Users\clow0011\Desktop\fyp\predsim_tutorial\OpenSimModel\c7\Model\c7.osim
[2023-05-02 16:59:55.546] [info] Loaded model model from file C:\Users\clow0011\Desktop\fyp\predsim_tutorial\OpenSimModel\c7\Model\c7.osim
[2023-05-02 17:04:02.417] [info] Loaded model model from file C:\Users\clow0011\Desktop\fyp\predsim_tutorial\OpenSimModel\c13\Model\c13.osim
[2023-05-02 17:04:02.505] [info] Loaded model model from file C:\Users\clow0011\Desktop\fyp\predsim_tutorial\OpenSimModel\c13\Model\c13.osim
[2023-05-02 17:05:14.617] [info] Loaded model model from file C:\Users\clow0011\Desktop\fyp\predsim_tutorial\OpenSimModel\c19\Model\c19.osim
[2023-05-02 17:05:14.779] [info] Loaded model model from file C:\Users\clow0011\Desktop\fyp\predsim_tutorial\OpenSimModel\c19\Model\c19.osim
[2023-05-02 17:13:03.259] [info] Loaded model model from file C:\Users\clow0011\Desktop\fyp\predsim_tutorial\OpenSimModel\c25\Model\c25.osim
[2023-05-02 17:13:03.369] [info] Loaded model model from file C:\Users\clow0011\Desktop\fyp\predsim_tutorial\OpenSimModel\c25\Model\c25.osim
[2023-05-02 17:56:21.250] [info] Loaded model model from file Z:\Desktop\fyp\predsim_tutorial\OpenSimModel\c31\Model\c31.osim
[2023-05-02 17:56:21.769] [info] Loaded model model from file Z:\Desktop\fyp\predsim_tutorial\OpenSimModel\c31\Model\c31.osim
[2023-05-02 19:08:52.893] [info] Loaded model model from file Z:\Desktop\fyp\predsim_tutorial\OpenSimModel\c20\Model\c20.osim
[2023-05-02 19:08:53.355] [info] Loaded model model from file Z:\Desktop\fyp\predsim_tutorial\OpenSimModel\c20\Model\c20.osim
[2023-05-02 19:32:19.874] [info] Loaded model model from file Z:\Desktop\fyp\predsim_tutorial\OpenSimModel\c14\Model\c14.osim
[2023-05-02 19:32:21.366] [info] Loaded model model from file Z:\Desktop\fyp\predsim_tutorial\OpenSimModel\c14\Model\c14.osim
[2023-05-02 20:00:22.630] [info] Loaded model model from file Z:\Desktop\fyp\predsim_tutorial\OpenSimModel\c8\Model\c8.osim
[2023-05-02 20:00:24.318] [info] Loaded model model from file Z:\Desktop\fyp\predsim_tutorial\OpenSimModel\c8\Model\c8.osim
[2023-05-02 20:35:22.481] [info] Loaded model model from file Z:\Desktop\fyp\predsim_tutorial\OpenSimModel\c26\Model\c26.osim
[2023-05-02 20:35:22.858] [info] Loaded model model from file Z:\Desktop\fyp\predsim_tutorial\OpenSimModel\c26\Model\c26.osim
[2023-05-02 22:51:10.784] [info] Loaded model model from file Z:\Desktop\fyp\predsim_tutorial\OpenSimModel\c2\Model\c2.osim
[2023-05-02 22:51:11.146] [info] Loaded model model from file Z:\Desktop\fyp\predsim_tutorial\OpenSimModel\c2\Model\c2.osim
[2023-05-03 13:38:55.957] [info] Loaded model model from file Z:\Desktop\fyp\predsim_tutorial\OpenSimModel\c39\Model\c39.osim
[2023-05-03 13:38:56.742] [info] Loaded model model from file Z:\Desktop\fyp\predsim_tutorial\OpenSimModel\c39\Model\c39.osim
[2023-05-03 13:40:05.111] [info] Loaded model model from file Z:\Desktop\fyp\predsim_tutorial\OpenSimModel\c45\Model\c45.osim
[2023-05-03 13:40:09.801] [info] Loaded model model from file Z:\Desktop\fyp\predsim_tutorial\OpenSimModel\c45\Model\c45.osim
[2023-05-03 16:57:45.886] [info] Loaded model model from file Z:\Desktop\fyp\predsim_tutorial\OpenSimModel\c51\Model\c51.osim
[2023-05-03 16:57:46.241] [info] Loaded model model from file Z:\Desktop\fyp\predsim_tutorial\OpenSimModel\c51\Model\c51.osim
[2023-05-05 14:50:16.094] [info] Loaded model model from file Z:\Desktop\fyp\predsim_tutorial\OpenSimModel\c43\Model\c43.osim
[2023-05-05 14:50:16.452] [info] Loaded model model from file Z:\Desktop\fyp\predsim_tutorial\OpenSimModel\c43\Model\c43.osim
[2023-05-05 14:50:36.786] [info] Loaded model model from file Z:\Desktop\fyp\predsim_tutorial\OpenSimModel\c28\Model\c28.osim
[2023-05-05 14:50:37.090] [info] Loaded model model from file Z:\Desktop\fyp\predsim_tutorial\OpenSimModel\c28\Model\c28.osim
[2023-05-05 15:06:20.686] [info] Loaded model model from file Z:\Desktop\fyp\predsim_tutorial\OpenSimModel\c33\Model\c33.osim
[2023-05-05 15:06:21.034] [info] Loaded model model from file Z:\Desktop\fyp\predsim_tutorial\OpenSimModel\c33\Model\c33.osim
[2023-05-05 17:08:06.805] [info] Loaded model model from file Z:\Desktop\fyp\predsim_tutorial\OpenSimModel\c37\Model\c37.osim
[2023-05-05 17:08:07.548] [info] Loaded model model from file Z:\Desktop\fyp\predsim_tutorial\OpenSimModel\c37\Model\c37.osim
[2023-05-05 17:08:40.666] [info] Loaded model model from file Z:\Desktop\fyp\predsim_tutorial\OpenSimModel\c39\Model\c39.osim
[2023-05-05 17:08:56.930] [info] Loaded model model from file Z:\Desktop\fyp\predsim_tutorial\OpenSimModel\c41\Model\c41.osim
[2023-05-05 17:09:11.600] [info] Loaded model model from file Z:\Desktop\fyp\predsim_tutorial\OpenSimModel\c39\Model\c39.osim
[2023-05-05 17:09:13.059] [info] Loaded model model from file Z:\Desktop\fyp\predsim_tutorial\OpenSimModel\c41\Model\c41.osim
[2023-05-05 17:09:17.184] [info] Loaded model model from file Z:\Desktop\fyp\predsim_tutorial\OpenSimModel\c45\Model\c45.osim
[2023-05-05 17:09:27.742] [info] Loaded model model from file Z:\Desktop\fyp\predsim_tutorial\OpenSimModel\c47\Model\c47.osim
[2023-05-05 17:09:33.482] [info] Loaded model model from file Z:\Desktop\fyp\predsim_tutorial\OpenSimModel\c45\Model\c45.osim
[2023-05-05 17:09:36.988] [info] Loaded model model from file Z:\Desktop\fyp\predsim_tutorial\OpenSimModel\c47\Model\c47.osim
[2023-05-05 17:09:46.198] [info] Loaded model model from file Z:\Desktop\fyp\predsim_tutorial\OpenSimModel\c49\Model\c49.osim
[2023-05-05 17:10:06.570] [info] Loaded model model from file Z:\Desktop\fyp\predsim_tutorial\OpenSimModel\c51\Model\c51.osim
[2023-05-05 17:10:10.220] [info] Loaded model model from file Z:\Desktop\fyp\predsim_tutorial\OpenSimModel\c49\Model\c49.osim
[2023-05-05 17:10:24.624] [info] Loaded model model from file Z:\Desktop\fyp\predsim_tutorial\OpenSimModel\c53\Model\c53.osim
[2023-05-05 17:10:26.691] [info] Loaded model model from file Z:\Desktop\fyp\predsim_tutorial\OpenSimModel\c51\Model\c51.osim
[2023-05-05 17:11:07.994] [info] Loaded model model from file Z:\Desktop\fyp\predsim_tutorial\OpenSimModel\c53\Model\c53.osim
[2023-05-16 17:14:21.706] [info] Loaded model new_model_noMTP_scaled_FK-scaled from file H:\User039\clow0011\Desktop\fyp\predsim_tutorial\OpenSimModel\personalised04ms\Model\personalised04ms.osim
[2023-05-16 17:14:24.204] [info] Loaded model new_model_noMTP_scaled_FK-scaled from file H:\User039\clow0011\Desktop\fyp\predsim_tutorial\OpenSimModel\personalised04ms\Model\personalised04ms.osim
[2023-05-16 21:16:17.142] [info] Loaded model new_model_noMTP_scaled_FK-scaled from file H:\User039\clow0011\Desktop\fyp\predsim_tutorial\OpenSimModel\personalised12ms\Model\personalised12ms.osim
[2023-05-16 21:16:19.628] [info] Loaded model new_model_noMTP_scaled_FK-scaled from file H:\User039\clow0011\Desktop\fyp\predsim_tutorial\OpenSimModel\personalised12ms\Model\personalised12ms.osim
